# JRE version: Java(TM) SE Runtime Environment (8.0_144-b01) (build 1.8.0_144-b01)
# Java VM: Java HotSpot(TM) 64-Bit Server VM (25.144-b01 mixed mode windows-amd64 compressed oops)
Heap:
 PSYoungGen      total 193024K, used 7307K [0x00000000d5d80000, 0x00000000e2d80000, 0x0000000100000000)
  eden space 177664K, 0% used [0x00000000d5d80000,0x00000000d5d80000,0x00000000e0b00000)
  from space 15360K, 47% used [0x00000000e0b00000,0x00000000e1222f10,0x00000000e1a00000)
  to   space 14336K, 0% used [0x00000000e1a00000,0x00000000e1a00000,0x00000000e2800000)
 ParOldGen       total 104448K, used 22075K [0x0000000081800000, 0x0000000087e00000, 0x00000000d5d80000)
  object space 104448K, 21% used [0x0000000081800000,0x0000000082d8ec88,0x0000000087e00000)
 Metaspace       used 41436K, capacity 41788K, committed 42112K, reserved 1089536K
  class space    used 5303K, capacity 5383K, committed 5504K, reserved 1048576K
GC Heap History (10 events):
Event: 4.064 GC heap before
{Heap before GC invocations=8 (full 1):
 PSYoungGen      total 97280K, used 97027K [0x00000000d5d80000, 0x00000000ded80000, 0x0000000100000000)
  eden space 94720K, 100% used [0x00000000d5d80000,0x00000000dba00000,0x00000000dba00000)
  from space 2560K, 90% used [0x00000000deb00000,0x00000000ded40dd8,0x00000000ded80000)
  to   space 12288K, 0% used [0x00000000dd580000,0x00000000dd580000,0x00000000de180000)
 ParOldGen       total 68608K, used 11315K [0x0000000081800000, 0x0000000085b00000, 0x00000000d5d80000)
  object space 68608K, 16% used [0x0000000081800000,0x000000008230cc60,0x0000000085b00000)
 Metaspace       used 22166K, capacity 22418K, committed 22704K, reserved 1069056K
  class space    used 2722K, capacity 2795K, committed 2816K, reserved 1048576K
Event: 4.106 GC heap after
Heap after GC invocations=8 (full 1):
 PSYoungGen      total 135168K, used 7847K [0x00000000d5d80000, 0x00000000e0100000, 0x0000000100000000)
  eden space 122880K, 0% used [0x00000000d5d80000,0x00000000d5d80000,0x00000000dd580000)
  from space 12288K, 63% used [0x00000000dd580000,0x00000000ddd29d38,0x00000000de180000)
  to   space 12288K, 0% used [0x00000000df500000,0x00000000df500000,0x00000000e0100000)
 ParOldGen       total 68608K, used 11323K [0x0000000081800000, 0x0000000085b00000, 0x00000000d5d80000)
  object space 68608K, 16% used [0x0000000081800000,0x000000008230ec60,0x0000000085b00000)
 Metaspace       used 22166K, capacity 22418K, committed 22704K, reserved 1069056K
  class space    used 2722K, capacity 2795K, committed 2816K, reserved 1048576K
}
Event: 6.205 GC heap before
{Heap before GC invocations=9 (full 1):
 PSYoungGen      total 135168K, used 130727K [0x00000000d5d80000, 0x00000000e0100000, 0x0000000100000000)
  eden space 122880K, 100% used [0x00000000d5d80000,0x00000000dd580000,0x00000000dd580000)
  from space 12288K, 63% used [0x00000000dd580000,0x00000000ddd29d38,0x00000000de180000)
  to   space 12288K, 0% used [0x00000000df500000,0x00000000df500000,0x00000000e0100000)
 ParOldGen       total 68608K, used 11323K [0x0000000081800000, 0x0000000085b00000, 0x00000000d5d80000)
  object space 68608K, 16% used [0x0000000081800000,0x000000008230ec60,0x0000000085b00000)
 Metaspace       used 26815K, capacity 27138K, committed 27264K, reserved 1073152K
  class space    used 3348K, capacity 3454K, committed 3456K, reserved 1048576K
Event: 6.219 GC heap after
Heap after GC invocations=9 (full 1):
 PSYoungGen      total 154624K, used 9580K [0x00000000d5d80000, 0x00000000e2480000, 0x0000000100000000)
  eden space 142336K, 0% used [0x00000000d5d80000,0x00000000d5d80000,0x00000000de880000)
  from space 12288K, 77% used [0x00000000df500000,0x00000000dfe5b3e8,0x00000000e0100000)
  to   space 12800K, 0% used [0x00000000de880000,0x00000000de880000,0x00000000df500000)
 ParOldGen       total 68608K, used 11331K [0x0000000081800000, 0x0000000085b00000, 0x00000000d5d80000)
  object space 68608K, 16% used [0x0000000081800000,0x0000000082310c60,0x0000000085b00000)
 Metaspace       used 26815K, capacity 27138K, committed 27264K, reserved 1073152K
  class space    used 3348K, capacity 3454K, committed 3456K, reserved 1048576K
}
Event: 7.456 GC heap before
{Heap before GC invocations=10 (full 1):
 PSYoungGen      total 154624K, used 151916K [0x00000000d5d80000, 0x00000000e2480000, 0x0000000100000000)
  eden space 142336K, 100% used [0x00000000d5d80000,0x00000000de880000,0x00000000de880000)
  from space 12288K, 77% used [0x00000000df500000,0x00000000dfe5b3e8,0x00000000e0100000)
  to   space 12800K, 0% used [0x00000000de880000,0x00000000de880000,0x00000000df500000)
 ParOldGen       total 68608K, used 11331K [0x0000000081800000, 0x0000000085b00000, 0x00000000d5d80000)
  object space 68608K, 16% used [0x0000000081800000,0x0000000082310c60,0x0000000085b00000)
 Metaspace       used 31676K, capacity 32026K, committed 32256K, reserved 1077248K
  class space    used 3942K, capacity 4034K, committed 4096K, reserved 1048576K
Event: 7.471 GC heap after
Heap after GC invocations=10 (full 1):
 PSYoungGen      total 155136K, used 11954K [0x00000000d5d80000, 0x00000000e2800000, 0x0000000100000000)
  eden space 142336K, 0% used [0x00000000d5d80000,0x00000000d5d80000,0x00000000de880000)
  from space 12800K, 93% used [0x00000000de880000,0x00000000df42cbb0,0x00000000df500000)
  to   space 14336K, 0% used [0x00000000e1a00000,0x00000000e1a00000,0x00000000e2800000)
 ParOldGen       total 68608K, used 11339K [0x0000000081800000, 0x0000000085b00000, 0x00000000d5d80000)
  object space 68608K, 16% used [0x0000000081800000,0x0000000082312c60,0x0000000085b00000)
 Metaspace       used 31676K, capacity 32026K, committed 32256K, reserved 1077248K
  class space    used 3942K, capacity 4034K, committed 4096K, reserved 1048576K
}
Event: 8.081 GC heap before
{Heap before GC invocations=11 (full 1):
 PSYoungGen      total 155136K, used 63441K [0x00000000d5d80000, 0x00000000e2800000, 0x0000000100000000)
  eden space 142336K, 36% used [0x00000000d5d80000,0x00000000d8fc79b8,0x00000000de880000)
  from space 12800K, 93% used [0x00000000de880000,0x00000000df42cbb0,0x00000000df500000)
  to   space 14336K, 0% used [0x00000000e1a00000,0x00000000e1a00000,0x00000000e2800000)
 ParOldGen       total 68608K, used 11339K [0x0000000081800000, 0x0000000085b00000, 0x00000000d5d80000)
  object space 68608K, 16% used [0x0000000081800000,0x0000000082312c60,0x0000000085b00000)
 Metaspace       used 34850K, capacity 35206K, committed 35496K, reserved 1081344K
  class space    used 4413K, capacity 4516K, committed 4608K, reserved 1048576K
Event: 8.103 GC heap after
Heap after GC invocations=11 (full 1):
 PSYoungGen      total 192000K, used 12668K [0x00000000d5d80000, 0x00000000e2d80000, 0x0000000100000000)
  eden space 177664K, 0% used [0x00000000d5d80000,0x00000000d5d80000,0x00000000e0b00000)
  from space 14336K, 88% used [0x00000000e1a00000,0x00000000e265f108,0x00000000e2800000)
  to   space 15360K, 0% used [0x00000000e0b00000,0x00000000e0b00000,0x00000000e1a00000)
 ParOldGen       total 68608K, used 11347K [0x0000000081800000, 0x0000000085b00000, 0x00000000d5d80000)
  object space 68608K, 16% used [0x0000000081800000,0x0000000082314c60,0x0000000085b00000)
 Metaspace       used 34850K, capacity 35206K, committed 35496K, reserved 1081344K
  class space    used 4413K, capacity 4516K, committed 4608K, reserved 1048576K
}
Event: 8.103 GC heap before
{Heap before GC invocations=12 (full 2):
 PSYoungGen      total 192000K, used 12668K [0x00000000d5d80000, 0x00000000e2d80000, 0x0000000100000000)
  eden space 177664K, 0% used [0x00000000d5d80000,0x00000000d5d80000,0x00000000e0b00000)
  from space 14336K, 88% used [0x00000000e1a00000,0x00000000e265f108,0x00000000e2800000)
  to   space 15360K, 0% used [0x00000000e0b00000,0x00000000e0b00000,0x00000000e1a00000)
 ParOldGen       total 68608K, used 11347K [0x0000000081800000, 0x0000000085b00000, 0x00000000d5d80000)
  object space 68608K, 16% used [0x0000000081800000,0x0000000082314c60,0x0000000085b00000)
 Metaspace       used 34850K, capacity 35206K, committed 35496K, reserved 1081344K
  class space    used 4413K, capacity 4516K, committed 4608K, reserved 1048576K
Event: 8.213 GC heap after
Heap after GC invocations=12 (full 2):
 PSYoungGen      total 192000K, used 0K [0x00000000d5d80000, 0x00000000e2d80000, 0x0000000100000000)
  eden space 177664K, 0% used [0x00000000d5d80000,0x00000000d5d80000,0x00000000e0b00000)
  from space 14336K, 0% used [0x00000000e1a00000,0x00000000e1a00000,0x00000000e2800000)
  to   space 15360K, 0% used [0x00000000e0b00000,0x00000000e0b00000,0x00000000e1a00000)
 ParOldGen       total 104448K, used 22067K [0x0000000081800000, 0x0000000087e00000, 0x00000000d5d80000)
  object space 104448K, 21% used [0x0000000081800000,0x0000000082d8cc88,0x0000000087e00000)
 Metaspace       used 34850K, capacity 35206K, committed 35496K, reserved 1081344K
  class space    used 4413K, capacity 4516K, committed 4608K, reserved 1048576K
}

