# JRE version: Java(TM) SE Runtime Environment (8.0_144-b01) (build 1.8.0_144-b01)
# Java VM: Java HotSpot(TM) 64-Bit Server VM (25.144-b01 mixed mode windows-amd64 compressed oops)
Heap:
 PSYoungGen      total 110080K, used 8689K [0x00000000d5d80000, 0x00000000dd500000, 0x0000000100000000)
  eden space 99840K, 8% used [0x00000000d5d80000,0x00000000d65fc5b0,0x00000000dbf00000)
  from space 10240K, 0% used [0x00000000dcb00000,0x00000000dcb00000,0x00000000dd500000)
  to   space 11264K, 0% used [0x00000000dbf00000,0x00000000dbf00000,0x00000000dca00000)
 ParOldGen       total 64512K, used 13846K [0x0000000081800000, 0x0000000085700000, 0x00000000d5d80000)
  object space 64512K, 21% used [0x0000000081800000,0x0000000082585b20,0x0000000085700000)
 Metaspace       used 26274K, capacity 26546K, committed 27008K, reserved 1075200K
  class space    used 3281K, capacity 3360K, committed 3456K, reserved 1048576K
GC Heap History (10 events):
Event: 1.246 GC heap before
{Heap before GC invocations=3 (full 0):
 PSYoungGen      total 38400K, used 38380K [0x00000000d5d80000, 0x00000000da880000, 0x0000000100000000)
  eden space 33280K, 100% used [0x00000000d5d80000,0x00000000d7e00000,0x00000000d7e00000)
  from space 5120K, 99% used [0x00000000d8300000,0x00000000d87fb250,0x00000000d8800000)
  to   space 5120K, 0% used [0x00000000d7e00000,0x00000000d7e00000,0x00000000d8300000)
 ParOldGen       total 87552K, used 104K [0x0000000081800000, 0x0000000086d80000, 0x00000000d5d80000)
  object space 87552K, 0% used [0x0000000081800000,0x000000008181a330,0x0000000086d80000)
 Metaspace       used 13060K, capacity 13232K, committed 13440K, reserved 1060864K
  class space    used 1629K, capacity 1657K, committed 1664K, reserved 1048576K
Event: 1.254 GC heap after
Heap after GC invocations=3 (full 0):
 PSYoungGen      total 38400K, used 5093K [0x00000000d5d80000, 0x00000000da880000, 0x0000000100000000)
  eden space 33280K, 0% used [0x00000000d5d80000,0x00000000d5d80000,0x00000000d7e00000)
  from space 5120K, 99% used [0x00000000d7e00000,0x00000000d82f94d0,0x00000000d8300000)
  to   space 5120K, 0% used [0x00000000da380000,0x00000000da380000,0x00000000da880000)
 ParOldGen       total 87552K, used 3281K [0x0000000081800000, 0x0000000086d80000, 0x00000000d5d80000)
  object space 87552K, 3% used [0x0000000081800000,0x0000000081b34640,0x0000000086d80000)
 Metaspace       used 13060K, capacity 13232K, committed 13440K, reserved 1060864K
  class space    used 1629K, capacity 1657K, committed 1664K, reserved 1048576K
}
Event: 1.787 GC heap before
{Heap before GC invocations=4 (full 0):
 PSYoungGen      total 38400K, used 38373K [0x00000000d5d80000, 0x00000000da880000, 0x0000000100000000)
  eden space 33280K, 100% used [0x00000000d5d80000,0x00000000d7e00000,0x00000000d7e00000)
  from space 5120K, 99% used [0x00000000d7e00000,0x00000000d82f94d0,0x00000000d8300000)
  to   space 5120K, 0% used [0x00000000da380000,0x00000000da380000,0x00000000da880000)
 ParOldGen       total 87552K, used 3281K [0x0000000081800000, 0x0000000086d80000, 0x00000000d5d80000)
  object space 87552K, 3% used [0x0000000081800000,0x0000000081b34640,0x0000000086d80000)
 Metaspace       used 18366K, capacity 18512K, committed 18688K, reserved 1064960K
  class space    used 2257K, capacity 2288K, committed 2304K, reserved 1048576K
Event: 1.807 GC heap after
Heap after GC invocations=4 (full 0):
 PSYoungGen      total 71680K, used 5105K [0x00000000d5d80000, 0x00000000da880000, 0x0000000100000000)
  eden space 66560K, 0% used [0x00000000d5d80000,0x00000000d5d80000,0x00000000d9e80000)
  from space 5120K, 99% used [0x00000000da380000,0x00000000da87c570,0x00000000da880000)
  to   space 5120K, 0% used [0x00000000d9e80000,0x00000000d9e80000,0x00000000da380000)
 ParOldGen       total 87552K, used 8106K [0x0000000081800000, 0x0000000086d80000, 0x00000000d5d80000)
  object space 87552K, 9% used [0x0000000081800000,0x0000000081fea8f0,0x0000000086d80000)
 Metaspace       used 18366K, capacity 18512K, committed 18688K, reserved 1064960K
  class space    used 2257K, capacity 2288K, committed 2304K, reserved 1048576K
}
Event: 3.030 GC heap before
{Heap before GC invocations=5 (full 0):
 PSYoungGen      total 71680K, used 62099K [0x00000000d5d80000, 0x00000000da880000, 0x0000000100000000)
  eden space 66560K, 85% used [0x00000000d5d80000,0x00000000d95288c0,0x00000000d9e80000)
  from space 5120K, 99% used [0x00000000da380000,0x00000000da87c570,0x00000000da880000)
  to   space 5120K, 0% used [0x00000000d9e80000,0x00000000d9e80000,0x00000000da380000)
 ParOldGen       total 87552K, used 8106K [0x0000000081800000, 0x0000000086d80000, 0x00000000d5d80000)
  object space 87552K, 9% used [0x0000000081800000,0x0000000081fea8f0,0x0000000086d80000)
 Metaspace       used 20897K, capacity 21152K, committed 21296K, reserved 1069056K
  class space    used 2549K, capacity 2632K, committed 2688K, reserved 1048576K
Event: 3.922 GC heap after
Heap after GC invocations=5 (full 0):
 PSYoungGen      total 71680K, used 5089K [0x00000000d5d80000, 0x00000000da880000, 0x0000000100000000)
  eden space 66560K, 0% used [0x00000000d5d80000,0x00000000d5d80000,0x00000000d9e80000)
  from space 5120K, 99% used [0x00000000d9e80000,0x00000000da378560,0x00000000da380000)
  to   space 5120K, 0% used [0x00000000da380000,0x00000000da380000,0x00000000da880000)
 ParOldGen       total 87552K, used 11160K [0x0000000081800000, 0x0000000086d80000, 0x00000000d5d80000)
  object space 87552K, 12% used [0x0000000081800000,0x00000000822e6150,0x0000000086d80000)
 Metaspace       used 20897K, capacity 21152K, committed 21296K, reserved 1069056K
  class space    used 2549K, capacity 2632K, committed 2688K, reserved 1048576K
}
Event: 3.922 GC heap before
{Heap before GC invocations=6 (full 1):
 PSYoungGen      total 71680K, used 5089K [0x00000000d5d80000, 0x00000000da880000, 0x0000000100000000)
  eden space 66560K, 0% used [0x00000000d5d80000,0x00000000d5d80000,0x00000000d9e80000)
  from space 5120K, 99% used [0x00000000d9e80000,0x00000000da378560,0x00000000da380000)
  to   space 5120K, 0% used [0x00000000da380000,0x00000000da380000,0x00000000da880000)
 ParOldGen       total 87552K, used 11160K [0x0000000081800000, 0x0000000086d80000, 0x00000000d5d80000)
  object space 87552K, 12% used [0x0000000081800000,0x00000000822e6150,0x0000000086d80000)
 Metaspace       used 20897K, capacity 21152K, committed 21296K, reserved 1069056K
  class space    used 2549K, capacity 2632K, committed 2688K, reserved 1048576K
Event: 3.988 GC heap after
Heap after GC invocations=6 (full 1):
 PSYoungGen      total 71680K, used 0K [0x00000000d5d80000, 0x00000000da880000, 0x0000000100000000)
  eden space 66560K, 0% used [0x00000000d5d80000,0x00000000d5d80000,0x00000000d9e80000)
  from space 5120K, 0% used [0x00000000d9e80000,0x00000000d9e80000,0x00000000da380000)
  to   space 5120K, 0% used [0x00000000da380000,0x00000000da380000,0x00000000da880000)
 ParOldGen       total 64512K, used 11328K [0x0000000081800000, 0x0000000085700000, 0x00000000d5d80000)
  object space 64512K, 17% used [0x0000000081800000,0x00000000823102e8,0x0000000085700000)
 Metaspace       used 20897K, capacity 21152K, committed 21296K, reserved 1069056K
  class space    used 2549K, capacity 2632K, committed 2688K, reserved 1048576K
}
Event: 4.689 GC heap before
{Heap before GC invocations=7 (full 1):
 PSYoungGen      total 71680K, used 66560K [0x00000000d5d80000, 0x00000000da880000, 0x0000000100000000)
  eden space 66560K, 100% used [0x00000000d5d80000,0x00000000d9e80000,0x00000000d9e80000)
  from space 5120K, 0% used [0x00000000d9e80000,0x00000000d9e80000,0x00000000da380000)
  to   space 5120K, 0% used [0x00000000da380000,0x00000000da380000,0x00000000da880000)
 ParOldGen       total 64512K, used 11328K [0x0000000081800000, 0x0000000085700000, 0x00000000d5d80000)
  object space 64512K, 17% used [0x0000000081800000,0x00000000823102e8,0x0000000085700000)
 Metaspace       used 21766K, capacity 22038K, committed 22192K, reserved 1069056K
  class space    used 2663K, capacity 2731K, committed 2816K, reserved 1048576K
Event: 4.692 GC heap after
Heap after GC invocations=7 (full 1):
 PSYoungGen      total 71680K, used 2285K [0x00000000d5d80000, 0x00000000da880000, 0x0000000100000000)
  eden space 66560K, 0% used [0x00000000d5d80000,0x00000000d5d80000,0x00000000d9e80000)
  from space 5120K, 44% used [0x00000000da380000,0x00000000da5bb5f0,0x00000000da880000)
  to   space 5120K, 0% used [0x00000000d9e80000,0x00000000d9e80000,0x00000000da380000)
 ParOldGen       total 64512K, used 11336K [0x0000000081800000, 0x0000000085700000, 0x00000000d5d80000)
  object space 64512K, 17% used [0x0000000081800000,0x00000000823122e8,0x0000000085700000)
 Metaspace       used 21766K, capacity 22038K, committed 22192K, reserved 1069056K
  class space    used 2663K, capacity 2731K, committed 2816K, reserved 1048576K
}

