# JRE version: Java(TM) SE Runtime Environment (8.0_221-b11) (build 1.8.0_221-b11)
# Java VM: Java HotSpot(TM) 64-Bit Server VM (25.221-b11 mixed mode windows-amd64 compressed oops)
Heap:
 PSYoungGen      total 96768K, used 37973K [0x00000000d5d80000, 0x00000000dc880000, 0x0000000100000000)
  eden space 84992K, 36% used [0x00000000d5d80000,0x00000000d7bfc480,0x00000000db080000)
  from space 11776K, 57% used [0x00000000dbb80000,0x00000000dc219220,0x00000000dc700000)
  to   space 11264K, 0% used [0x00000000db080000,0x00000000db080000,0x00000000dbb80000)
 ParOldGen       total 68096K, used 11098K [0x0000000081800000, 0x0000000085a80000, 0x00000000d5d80000)
  object space 68096K, 16% used [0x0000000081800000,0x00000000822d6958,0x0000000085a80000)
 Metaspace       used 23382K, capacity 23648K, committed 23808K, reserved 1071104K
  class space    used 2894K, capacity 2962K, committed 3072K, reserved 1048576K
GC Heap History (10 events):
Event: 2.118 GC heap before
{Heap before GC invocations=5 (full 0):
 PSYoungGen      total 71680K, used 41219K [0x00000000d5d80000, 0x00000000da880000, 0x0000000100000000)
  eden space 66560K, 54% used [0x00000000d5d80000,0x00000000d80c8fa0,0x00000000d9e80000)
  from space 5120K, 99% used [0x00000000da380000,0x00000000da878020,0x00000000da880000)
  to   space 5120K, 0% used [0x00000000d9e80000,0x00000000d9e80000,0x00000000da380000)
 ParOldGen       total 87552K, used 8278K [0x0000000081800000, 0x0000000086d80000, 0x00000000d5d80000)
  object space 87552K, 9% used [0x0000000081800000,0x00000000820159a0,0x0000000086d80000)
 Metaspace       used 20881K, capacity 21154K, committed 21296K, reserved 1069056K
  class space    used 2558K, capacity 2633K, committed 2688K, reserved 1048576K
Event: 2.128 GC heap after
Heap after GC invocations=5 (full 0):
 PSYoungGen      total 71680K, used 5107K [0x00000000d5d80000, 0x00000000da880000, 0x0000000100000000)
  eden space 66560K, 0% used [0x00000000d5d80000,0x00000000d5d80000,0x00000000d9e80000)
  from space 5120K, 99% used [0x00000000d9e80000,0x00000000da37cf20,0x00000000da380000)
  to   space 5120K, 0% used [0x00000000da380000,0x00000000da380000,0x00000000da880000)
 ParOldGen       total 87552K, used 11006K [0x0000000081800000, 0x0000000086d80000, 0x00000000d5d80000)
  object space 87552K, 12% used [0x0000000081800000,0x00000000822bf878,0x0000000086d80000)
 Metaspace       used 20881K, capacity 21154K, committed 21296K, reserved 1069056K
  class space    used 2558K, capacity 2633K, committed 2688K, reserved 1048576K
}
Event: 2.128 GC heap before
{Heap before GC invocations=6 (full 1):
 PSYoungGen      total 71680K, used 5107K [0x00000000d5d80000, 0x00000000da880000, 0x0000000100000000)
  eden space 66560K, 0% used [0x00000000d5d80000,0x00000000d5d80000,0x00000000d9e80000)
  from space 5120K, 99% used [0x00000000d9e80000,0x00000000da37cf20,0x00000000da380000)
  to   space 5120K, 0% used [0x00000000da380000,0x00000000da380000,0x00000000da880000)
 ParOldGen       total 87552K, used 11006K [0x0000000081800000, 0x0000000086d80000, 0x00000000d5d80000)
  object space 87552K, 12% used [0x0000000081800000,0x00000000822bf878,0x0000000086d80000)
 Metaspace       used 20881K, capacity 21154K, committed 21296K, reserved 1069056K
  class space    used 2558K, capacity 2633K, committed 2688K, reserved 1048576K
Event: 2.170 GC heap after
Heap after GC invocations=6 (full 1):
 PSYoungGen      total 71680K, used 0K [0x00000000d5d80000, 0x00000000da880000, 0x0000000100000000)
  eden space 66560K, 0% used [0x00000000d5d80000,0x00000000d5d80000,0x00000000d9e80000)
  from space 5120K, 0% used [0x00000000d9e80000,0x00000000d9e80000,0x00000000da380000)
  to   space 5120K, 0% used [0x00000000da380000,0x00000000da380000,0x00000000da880000)
 ParOldGen       total 68096K, used 11098K [0x0000000081800000, 0x0000000085a80000, 0x00000000d5d80000)
  object space 68096K, 16% used [0x0000000081800000,0x00000000822d6958,0x0000000085a80000)
 Metaspace       used 20881K, capacity 21154K, committed 21296K, reserved 1069056K
  class space    used 2558K, capacity 2633K, committed 2688K, reserved 1048576K
}
Event: 2.619 GC heap before
{Heap before GC invocations=7 (full 1):
 PSYoungGen      total 71680K, used 66560K [0x00000000d5d80000, 0x00000000da880000, 0x0000000100000000)
  eden space 66560K, 100% used [0x00000000d5d80000,0x00000000d9e80000,0x00000000d9e80000)
  from space 5120K, 0% used [0x00000000d9e80000,0x00000000d9e80000,0x00000000da380000)
  to   space 5120K, 0% used [0x00000000da380000,0x00000000da380000,0x00000000da880000)
 ParOldGen       total 68096K, used 11098K [0x0000000081800000, 0x0000000085a80000, 0x00000000d5d80000)
  object space 68096K, 16% used [0x0000000081800000,0x00000000822d6958,0x0000000085a80000)
 Metaspace       used 21652K, capacity 21980K, committed 22192K, reserved 1069056K
  class space    used 2644K, capacity 2732K, committed 2816K, reserved 1048576K
Event: 2.623 GC heap after
Heap after GC invocations=7 (full 1):
 PSYoungGen      total 64512K, used 1970K [0x00000000d5d80000, 0x00000000dd280000, 0x0000000100000000)
  eden space 59392K, 0% used [0x00000000d5d80000,0x00000000d5d80000,0x00000000d9780000)
  from space 5120K, 38% used [0x00000000da380000,0x00000000da56c800,0x00000000da880000)
  to   space 12288K, 0% used [0x00000000d9780000,0x00000000d9780000,0x00000000da380000)
 ParOldGen       total 68096K, used 11098K [0x0000000081800000, 0x0000000085a80000, 0x00000000d5d80000)
  object space 68096K, 16% used [0x0000000081800000,0x00000000822d6958,0x0000000085a80000)
 Metaspace       used 21652K, capacity 21980K, committed 22192K, reserved 1069056K
  class space    used 2644K, capacity 2732K, committed 2816K, reserved 1048576K
}
Event: 3.111 GC heap before
{Heap before GC invocations=8 (full 1):
 PSYoungGen      total 64512K, used 61362K [0x00000000d5d80000, 0x00000000dd280000, 0x0000000100000000)
  eden space 59392K, 100% used [0x00000000d5d80000,0x00000000d9780000,0x00000000d9780000)
  from space 5120K, 38% used [0x00000000da380000,0x00000000da56c800,0x00000000da880000)
  to   space 12288K, 0% used [0x00000000d9780000,0x00000000d9780000,0x00000000da380000)
 ParOldGen       total 68096K, used 11098K [0x0000000081800000, 0x0000000085a80000, 0x00000000d5d80000)
  object space 68096K, 16% used [0x0000000081800000,0x00000000822d6958,0x0000000085a80000)
 Metaspace       used 22046K, capacity 22332K, committed 22448K, reserved 1069056K
  class space    used 2694K, capacity 2764K, committed 2816K, reserved 1048576K
Event: 3.117 GC heap after
Heap after GC invocations=8 (full 1):
 PSYoungGen      total 71680K, used 4365K [0x00000000d5d80000, 0x00000000dc700000, 0x0000000100000000)
  eden space 59392K, 0% used [0x00000000d5d80000,0x00000000d5d80000,0x00000000d9780000)
  from space 12288K, 35% used [0x00000000d9780000,0x00000000d9bc3548,0x00000000da380000)
  to   space 11776K, 0% used [0x00000000dbb80000,0x00000000dbb80000,0x00000000dc700000)
 ParOldGen       total 68096K, used 11098K [0x0000000081800000, 0x0000000085a80000, 0x00000000d5d80000)
  object space 68096K, 16% used [0x0000000081800000,0x00000000822d6958,0x0000000085a80000)
 Metaspace       used 22046K, capacity 22332K, committed 22448K, reserved 1069056K
  class space    used 2694K, capacity 2764K, committed 2816K, reserved 1048576K
}
Event: 3.576 GC heap before
{Heap before GC invocations=9 (full 1):
 PSYoungGen      total 71680K, used 63757K [0x00000000d5d80000, 0x00000000dc700000, 0x0000000100000000)
  eden space 59392K, 100% used [0x00000000d5d80000,0x00000000d9780000,0x00000000d9780000)
  from space 12288K, 35% used [0x00000000d9780000,0x00000000d9bc3548,0x00000000da380000)
  to   space 11776K, 0% used [0x00000000dbb80000,0x00000000dbb80000,0x00000000dc700000)
 ParOldGen       total 68096K, used 11098K [0x0000000081800000, 0x0000000085a80000, 0x00000000d5d80000)
  object space 68096K, 16% used [0x0000000081800000,0x00000000822d6958,0x0000000085a80000)
 Metaspace       used 22228K, capacity 22498K, committed 22704K, reserved 1069056K
  class space    used 2730K, capacity 2797K, committed 2816K, reserved 1048576K
Event: 3.588 GC heap after
Heap after GC invocations=9 (full 1):
 PSYoungGen      total 96768K, used 6756K [0x00000000d5d80000, 0x00000000dc880000, 0x0000000100000000)
  eden space 84992K, 0% used [0x00000000d5d80000,0x00000000d5d80000,0x00000000db080000)
  from space 11776K, 57% used [0x00000000dbb80000,0x00000000dc219220,0x00000000dc700000)
  to   space 11264K, 0% used [0x00000000db080000,0x00000000db080000,0x00000000dbb80000)
 ParOldGen       total 68096K, used 11098K [0x0000000081800000, 0x0000000085a80000, 0x00000000d5d80000)
  object space 68096K, 16% used [0x0000000081800000,0x00000000822d6958,0x0000000085a80000)
 Metaspace       used 22228K, capacity 22498K, committed 22704K, reserved 1069056K
  class space    used 2730K, capacity 2797K, committed 2816K, reserved 1048576K
}

