# JRE version: Java(TM) SE Runtime Environment (8.0_144-b01) (build 1.8.0_144-b01)
# Java VM: Java HotSpot(TM) 64-Bit Server VM (25.144-b01 mixed mode windows-amd64 compressed oops)
Heap:
 PSYoungGen      total 38400K, used 23735K [0x00000000d5d80000, 0x00000000d8800000, 0x0000000100000000)
  eden space 33280K, 55% used [0x00000000d5d80000,0x00000000d6fb1e50,0x00000000d7e00000)
  from space 5120K, 99% used [0x00000000d8300000,0x00000000d87fc058,0x00000000d8800000)
  to   space 5120K, 0% used [0x00000000d7e00000,0x00000000d7e00000,0x00000000d8300000)
 ParOldGen       total 61952K, used 12705K [0x0000000081800000, 0x0000000085480000, 0x00000000d5d80000)
  object space 61952K, 20% used [0x0000000081800000,0x00000000824687a0,0x0000000085480000)
 Metaspace       used 22128K, capacity 22418K, committed 22704K, reserved 1069056K
  class space    used 2720K, capacity 2795K, committed 2816K, reserved 1048576K
GC Heap History (10 events):
Event: 2.883 GC heap before
{Heap before GC invocations=7 (full 1):
 PSYoungGen      total 38400K, used 5091K [0x00000000d5d80000, 0x00000000d8800000, 0x0000000100000000)
  eden space 33280K, 0% used [0x00000000d5d80000,0x00000000d5d80000,0x00000000d7e00000)
  from space 5120K, 99% used [0x00000000d8300000,0x00000000d87f8e40,0x00000000d8800000)
  to   space 5120K, 0% used [0x00000000d7e00000,0x00000000d7e00000,0x00000000d8300000)
 ParOldGen       total 87552K, used 11127K [0x0000000081800000, 0x0000000086d80000, 0x00000000d5d80000)
  object space 87552K, 12% used [0x0000000081800000,0x00000000822dde88,0x0000000086d80000)
 Metaspace       used 20911K, capacity 21152K, committed 21296K, reserved 1069056K
  class space    used 2559K, capacity 2632K, committed 2688K, reserved 1048576K
Event: 2.928 GC heap after
Heap after GC invocations=7 (full 1):
 PSYoungGen      total 38400K, used 0K [0x00000000d5d80000, 0x00000000d8800000, 0x0000000100000000)
  eden space 33280K, 0% used [0x00000000d5d80000,0x00000000d5d80000,0x00000000d7e00000)
  from space 5120K, 0% used [0x00000000d8300000,0x00000000d8300000,0x00000000d8800000)
  to   space 5120K, 0% used [0x00000000d7e00000,0x00000000d7e00000,0x00000000d8300000)
 ParOldGen       total 61952K, used 11330K [0x0000000081800000, 0x0000000085480000, 0x00000000d5d80000)
  object space 61952K, 18% used [0x0000000081800000,0x0000000082310a00,0x0000000085480000)
 Metaspace       used 20911K, capacity 21152K, committed 21296K, reserved 1069056K
  class space    used 2559K, capacity 2632K, committed 2688K, reserved 1048576K
}
Event: 3.188 GC heap before
{Heap before GC invocations=8 (full 1):
 PSYoungGen      total 38400K, used 33280K [0x00000000d5d80000, 0x00000000d8800000, 0x0000000100000000)
  eden space 33280K, 100% used [0x00000000d5d80000,0x00000000d7e00000,0x00000000d7e00000)
  from space 5120K, 0% used [0x00000000d8300000,0x00000000d8300000,0x00000000d8800000)
  to   space 5120K, 0% used [0x00000000d7e00000,0x00000000d7e00000,0x00000000d8300000)
 ParOldGen       total 61952K, used 11330K [0x0000000081800000, 0x0000000085480000, 0x00000000d5d80000)
  object space 61952K, 18% used [0x0000000081800000,0x0000000082310a00,0x0000000085480000)
 Metaspace       used 21390K, capacity 21670K, committed 21936K, reserved 1069056K
  class space    used 2621K, capacity 2697K, committed 2816K, reserved 1048576K
Event: 3.193 GC heap after
Heap after GC invocations=8 (full 1):
 PSYoungGen      total 38400K, used 1233K [0x00000000d5d80000, 0x00000000d8800000, 0x0000000100000000)
  eden space 33280K, 0% used [0x00000000d5d80000,0x00000000d5d80000,0x00000000d7e00000)
  from space 5120K, 24% used [0x00000000d7e00000,0x00000000d7f345e8,0x00000000d8300000)
  to   space 5120K, 0% used [0x00000000d8300000,0x00000000d8300000,0x00000000d8800000)
 ParOldGen       total 61952K, used 11330K [0x0000000081800000, 0x0000000085480000, 0x00000000d5d80000)
  object space 61952K, 18% used [0x0000000081800000,0x0000000082310a00,0x0000000085480000)
 Metaspace       used 21390K, capacity 21670K, committed 21936K, reserved 1069056K
  class space    used 2621K, capacity 2697K, committed 2816K, reserved 1048576K
}
Event: 3.401 GC heap before
{Heap before GC invocations=9 (full 1):
 PSYoungGen      total 38400K, used 34513K [0x00000000d5d80000, 0x00000000d8800000, 0x0000000100000000)
  eden space 33280K, 100% used [0x00000000d5d80000,0x00000000d7e00000,0x00000000d7e00000)
  from space 5120K, 24% used [0x00000000d7e00000,0x00000000d7f345e8,0x00000000d8300000)
  to   space 5120K, 0% used [0x00000000d8300000,0x00000000d8300000,0x00000000d8800000)
 ParOldGen       total 61952K, used 11330K [0x0000000081800000, 0x0000000085480000, 0x00000000d5d80000)
  object space 61952K, 18% used [0x0000000081800000,0x0000000082310a00,0x0000000085480000)
 Metaspace       used 21765K, capacity 22066K, committed 22192K, reserved 1069056K
  class space    used 2670K, capacity 2763K, committed 2816K, reserved 1048576K
Event: 3.406 GC heap after
Heap after GC invocations=9 (full 1):
 PSYoungGen      total 38400K, used 1568K [0x00000000d5d80000, 0x00000000d8800000, 0x0000000100000000)
  eden space 33280K, 0% used [0x00000000d5d80000,0x00000000d5d80000,0x00000000d7e00000)
  from space 5120K, 30% used [0x00000000d8300000,0x00000000d8488218,0x00000000d8800000)
  to   space 5120K, 0% used [0x00000000d7e00000,0x00000000d7e00000,0x00000000d8300000)
 ParOldGen       total 61952K, used 11330K [0x0000000081800000, 0x0000000085480000, 0x00000000d5d80000)
  object space 61952K, 18% used [0x0000000081800000,0x0000000082310a00,0x0000000085480000)
 Metaspace       used 21765K, capacity 22066K, committed 22192K, reserved 1069056K
  class space    used 2670K, capacity 2763K, committed 2816K, reserved 1048576K
}
Event: 3.645 GC heap before
{Heap before GC invocations=10 (full 1):
 PSYoungGen      total 38400K, used 34848K [0x00000000d5d80000, 0x00000000d8800000, 0x0000000100000000)
  eden space 33280K, 100% used [0x00000000d5d80000,0x00000000d7e00000,0x00000000d7e00000)
  from space 5120K, 30% used [0x00000000d8300000,0x00000000d8488218,0x00000000d8800000)
  to   space 5120K, 0% used [0x00000000d7e00000,0x00000000d7e00000,0x00000000d8300000)
 ParOldGen       total 61952K, used 11330K [0x0000000081800000, 0x0000000085480000, 0x00000000d5d80000)
  object space 61952K, 18% used [0x0000000081800000,0x0000000082310a00,0x0000000085480000)
 Metaspace       used 21972K, capacity 22258K, committed 22448K, reserved 1069056K
  class space    used 2689K, capacity 2763K, committed 2816K, reserved 1048576K
Event: 3.650 GC heap after
Heap after GC invocations=10 (full 1):
 PSYoungGen      total 38400K, used 3604K [0x00000000d5d80000, 0x00000000d8800000, 0x0000000100000000)
  eden space 33280K, 0% used [0x00000000d5d80000,0x00000000d5d80000,0x00000000d7e00000)
  from space 5120K, 70% used [0x00000000d7e00000,0x00000000d8185378,0x00000000d8300000)
  to   space 5120K, 0% used [0x00000000d8300000,0x00000000d8300000,0x00000000d8800000)
 ParOldGen       total 61952K, used 11330K [0x0000000081800000, 0x0000000085480000, 0x00000000d5d80000)
  object space 61952K, 18% used [0x0000000081800000,0x0000000082310a00,0x0000000085480000)
 Metaspace       used 21972K, capacity 22258K, committed 22448K, reserved 1069056K
  class space    used 2689K, capacity 2763K, committed 2816K, reserved 1048576K
}
Event: 3.922 GC heap before
{Heap before GC invocations=11 (full 1):
 PSYoungGen      total 38400K, used 36884K [0x00000000d5d80000, 0x00000000d8800000, 0x0000000100000000)
  eden space 33280K, 100% used [0x00000000d5d80000,0x00000000d7e00000,0x00000000d7e00000)
  from space 5120K, 70% used [0x00000000d7e00000,0x00000000d8185378,0x00000000d8300000)
  to   space 5120K, 0% used [0x00000000d8300000,0x00000000d8300000,0x00000000d8800000)
 ParOldGen       total 61952K, used 11330K [0x0000000081800000, 0x0000000085480000, 0x00000000d5d80000)
  object space 61952K, 18% used [0x0000000081800000,0x0000000082310a00,0x0000000085480000)
 Metaspace       used 22046K, capacity 22354K, committed 22448K, reserved 1069056K
  class space    used 2709K, capacity 2795K, committed 2816K, reserved 1048576K
Event: 3.931 GC heap after
Heap after GC invocations=11 (full 1):
 PSYoungGen      total 38400K, used 5104K [0x00000000d5d80000, 0x00000000d8800000, 0x0000000100000000)
  eden space 33280K, 0% used [0x00000000d5d80000,0x00000000d5d80000,0x00000000d7e00000)
  from space 5120K, 99% used [0x00000000d8300000,0x00000000d87fc058,0x00000000d8800000)
  to   space 5120K, 0% used [0x00000000d7e00000,0x00000000d7e00000,0x00000000d8300000)
 ParOldGen       total 61952K, used 12705K [0x0000000081800000, 0x0000000085480000, 0x00000000d5d80000)
  object space 61952K, 20% used [0x0000000081800000,0x00000000824687a0,0x0000000085480000)
 Metaspace       used 22046K, capacity 22354K, committed 22448K, reserved 1069056K
  class space    used 2709K, capacity 2795K, committed 2816K, reserved 1048576K
}

