# JRE version: Java(TM) SE Runtime Environment (8.0_144-b01) (build 1.8.0_144-b01)
# Java VM: Java HotSpot(TM) 64-Bit Server VM (25.144-b01 mixed mode windows-amd64 compressed oops)
Heap:
 PSYoungGen      total 276480K, used 48952K [0x00000000d5d80000, 0x00000000e8400000, 0x0000000100000000)
  eden space 261120K, 18% used [0x00000000d5d80000,0x00000000d8d4e250,0x00000000e5c80000)
  from space 15360K, 0% used [0x00000000e6c00000,0x00000000e6c00000,0x00000000e7b00000)
  to   space 15872K, 0% used [0x00000000e5c80000,0x00000000e5c80000,0x00000000e6c00000)
 ParOldGen       total 107520K, used 22069K [0x0000000081800000, 0x0000000088100000, 0x00000000d5d80000)
  object space 107520K, 20% used [0x0000000081800000,0x0000000082d8d518,0x0000000088100000)
 Metaspace       used 41315K, capacity 41666K, committed 42112K, reserved 1087488K
  class space    used 5280K, capacity 5384K, committed 5504K, reserved 1048576K
GC Heap History (10 events):
Event: 3.351 GC heap before
{Heap before GC invocations=6 (full 1):
 PSYoungGen      total 138240K, used 133120K [0x00000000d5d80000, 0x00000000de980000, 0x0000000100000000)
  eden space 133120K, 100% used [0x00000000d5d80000,0x00000000ddf80000,0x00000000ddf80000)
  from space 5120K, 0% used [0x00000000de480000,0x00000000de480000,0x00000000de980000)
  to   space 5120K, 0% used [0x00000000ddf80000,0x00000000ddf80000,0x00000000de480000)
 ParOldGen       total 69632K, used 11713K [0x0000000081800000, 0x0000000085c00000, 0x00000000d5d80000)
  object space 69632K, 16% used [0x0000000081800000,0x00000000823707c8,0x0000000085c00000)
 Metaspace       used 22044K, capacity 22358K, committed 22448K, reserved 1069056K
  class space    used 2709K, capacity 2795K, committed 2816K, reserved 1048576K
Event: 3.365 GC heap after
Heap after GC invocations=6 (full 1):
 PSYoungGen      total 138240K, used 5089K [0x00000000d5d80000, 0x00000000e3380000, 0x0000000100000000)
  eden space 133120K, 0% used [0x00000000d5d80000,0x00000000d5d80000,0x00000000ddf80000)
  from space 5120K, 99% used [0x00000000ddf80000,0x00000000de4785c8,0x00000000de480000)
  to   space 12800K, 0% used [0x00000000e2700000,0x00000000e2700000,0x00000000e3380000)
 ParOldGen       total 69632K, used 15599K [0x0000000081800000, 0x0000000085c00000, 0x00000000d5d80000)
  object space 69632K, 22% used [0x0000000081800000,0x000000008273bf30,0x0000000085c00000)
 Metaspace       used 22044K, capacity 22358K, committed 22448K, reserved 1069056K
  class space    used 2709K, capacity 2795K, committed 2816K, reserved 1048576K
}
Event: 4.887 GC heap before
{Heap before GC invocations=7 (full 1):
 PSYoungGen      total 138240K, used 138209K [0x00000000d5d80000, 0x00000000e3380000, 0x0000000100000000)
  eden space 133120K, 100% used [0x00000000d5d80000,0x00000000ddf80000,0x00000000ddf80000)
  from space 5120K, 99% used [0x00000000ddf80000,0x00000000de4785c8,0x00000000de480000)
  to   space 12800K, 0% used [0x00000000e2700000,0x00000000e2700000,0x00000000e3380000)
 ParOldGen       total 69632K, used 15599K [0x0000000081800000, 0x0000000085c00000, 0x00000000d5d80000)
  object space 69632K, 22% used [0x0000000081800000,0x000000008273bf30,0x0000000085c00000)
 Metaspace       used 26111K, capacity 26408K, committed 26752K, reserved 1073152K
  class space    used 3256K, capacity 3359K, committed 3456K, reserved 1048576K
Event: 4.899 GC heap after
Heap after GC invocations=7 (full 1):
 PSYoungGen      total 198144K, used 9705K [0x00000000d5d80000, 0x00000000e3080000, 0x0000000100000000)
  eden space 188416K, 0% used [0x00000000d5d80000,0x00000000d5d80000,0x00000000e1580000)
  from space 9728K, 99% used [0x00000000e2700000,0x00000000e307a5f8,0x00000000e3080000)
  to   space 13312K, 0% used [0x00000000e1680000,0x00000000e1680000,0x00000000e2380000)
 ParOldGen       total 69632K, used 15607K [0x0000000081800000, 0x0000000085c00000, 0x00000000d5d80000)
  object space 69632K, 22% used [0x0000000081800000,0x000000008273df30,0x0000000085c00000)
 Metaspace       used 26111K, capacity 26408K, committed 26752K, reserved 1073152K
  class space    used 3256K, capacity 3359K, committed 3456K, reserved 1048576K
}
Event: 7.294 GC heap before
{Heap before GC invocations=8 (full 1):
 PSYoungGen      total 198144K, used 198121K [0x00000000d5d80000, 0x00000000e3080000, 0x0000000100000000)
  eden space 188416K, 100% used [0x00000000d5d80000,0x00000000e1580000,0x00000000e1580000)
  from space 9728K, 99% used [0x00000000e2700000,0x00000000e307a5f8,0x00000000e3080000)
  to   space 13312K, 0% used [0x00000000e1680000,0x00000000e1680000,0x00000000e2380000)
 ParOldGen       total 69632K, used 15607K [0x0000000081800000, 0x0000000085c00000, 0x00000000d5d80000)
  object space 69632K, 22% used [0x0000000081800000,0x000000008273df30,0x0000000085c00000)
 Metaspace       used 32237K, capacity 32646K, committed 32896K, reserved 1077248K
  class space    used 4016K, capacity 4132K, committed 4224K, reserved 1048576K
Event: 7.318 GC heap after
Heap after GC invocations=8 (full 1):
 PSYoungGen      total 202752K, used 13286K [0x00000000d5d80000, 0x00000000e7b00000, 0x0000000100000000)
  eden space 189440K, 0% used [0x00000000d5d80000,0x00000000d5d80000,0x00000000e1680000)
  from space 13312K, 99% used [0x00000000e1680000,0x00000000e2379b20,0x00000000e2380000)
  to   space 15360K, 0% used [0x00000000e6c00000,0x00000000e6c00000,0x00000000e7b00000)
 ParOldGen       total 69632K, used 16070K [0x0000000081800000, 0x0000000085c00000, 0x00000000d5d80000)
  object space 69632K, 23% used [0x0000000081800000,0x00000000827b1b50,0x0000000085c00000)
 Metaspace       used 32237K, capacity 32646K, committed 32896K, reserved 1077248K
  class space    used 4016K, capacity 4132K, committed 4224K, reserved 1048576K
}
Event: 8.002 GC heap before
{Heap before GC invocations=9 (full 1):
 PSYoungGen      total 202752K, used 39640K [0x00000000d5d80000, 0x00000000e7b00000, 0x0000000100000000)
  eden space 189440K, 13% used [0x00000000d5d80000,0x00000000d773c7a8,0x00000000e1680000)
  from space 13312K, 99% used [0x00000000e1680000,0x00000000e2379b20,0x00000000e2380000)
  to   space 15360K, 0% used [0x00000000e6c00000,0x00000000e6c00000,0x00000000e7b00000)
 ParOldGen       total 69632K, used 16070K [0x0000000081800000, 0x0000000085c00000, 0x00000000d5d80000)
  object space 69632K, 23% used [0x0000000081800000,0x00000000827b1b50,0x0000000085c00000)
 Metaspace       used 34872K, capacity 35212K, committed 35496K, reserved 1081344K
  class space    used 4418K, capacity 4517K, committed 4608K, reserved 1048576K
Event: 8.019 GC heap after
Heap after GC invocations=9 (full 1):
 PSYoungGen      total 276480K, used 12301K [0x00000000d5d80000, 0x00000000e8400000, 0x0000000100000000)
  eden space 261120K, 0% used [0x00000000d5d80000,0x00000000d5d80000,0x00000000e5c80000)
  from space 15360K, 80% used [0x00000000e6c00000,0x00000000e7803638,0x00000000e7b00000)
  to   space 15872K, 0% used [0x00000000e5c80000,0x00000000e5c80000,0x00000000e6c00000)
 ParOldGen       total 69632K, used 16078K [0x0000000081800000, 0x0000000085c00000, 0x00000000d5d80000)
  object space 69632K, 23% used [0x0000000081800000,0x00000000827b3b50,0x0000000085c00000)
 Metaspace       used 34872K, capacity 35212K, committed 35496K, reserved 1081344K
  class space    used 4418K, capacity 4517K, committed 4608K, reserved 1048576K
}
Event: 8.019 GC heap before
{Heap before GC invocations=10 (full 2):
 PSYoungGen      total 276480K, used 12301K [0x00000000d5d80000, 0x00000000e8400000, 0x0000000100000000)
  eden space 261120K, 0% used [0x00000000d5d80000,0x00000000d5d80000,0x00000000e5c80000)
  from space 15360K, 80% used [0x00000000e6c00000,0x00000000e7803638,0x00000000e7b00000)
  to   space 15872K, 0% used [0x00000000e5c80000,0x00000000e5c80000,0x00000000e6c00000)
 ParOldGen       total 69632K, used 16078K [0x0000000081800000, 0x0000000085c00000, 0x00000000d5d80000)
  object space 69632K, 23% used [0x0000000081800000,0x00000000827b3b50,0x0000000085c00000)
 Metaspace       used 34872K, capacity 35212K, committed 35496K, reserved 1081344K
  class space    used 4418K, capacity 4517K, committed 4608K, reserved 1048576K
Event: 8.117 GC heap after
Heap after GC invocations=10 (full 2):
 PSYoungGen      total 276480K, used 0K [0x00000000d5d80000, 0x00000000e8400000, 0x0000000100000000)
  eden space 261120K, 0% used [0x00000000d5d80000,0x00000000d5d80000,0x00000000e5c80000)
  from space 15360K, 0% used [0x00000000e6c00000,0x00000000e6c00000,0x00000000e7b00000)
  to   space 15872K, 0% used [0x00000000e5c80000,0x00000000e5c80000,0x00000000e6c00000)
 ParOldGen       total 107520K, used 22069K [0x0000000081800000, 0x0000000088100000, 0x00000000d5d80000)
  object space 107520K, 20% used [0x0000000081800000,0x0000000082d8d518,0x0000000088100000)
 Metaspace       used 34872K, capacity 35212K, committed 35496K, reserved 1081344K
  class space    used 4418K, capacity 4517K, committed 4608K, reserved 1048576K
}

