# JRE version: Java(TM) SE Runtime Environment (8.0_221-b11) (build 1.8.0_221-b11)
# Java VM: Java HotSpot(TM) 64-Bit Server VM (25.221-b11 mixed mode windows-amd64 compressed oops)
Heap:
 PSYoungGen      total 64512K, used 31757K [0x00000000d5d80000, 0x00000000da880000, 0x0000000100000000)
  eden space 52224K, 53% used [0x00000000d5d80000,0x00000000d78b2a48,0x00000000d9080000)
  from space 12288K, 31% used [0x00000000d9080000,0x00000000d9450b18,0x00000000d9c80000)
  to   space 11264K, 0% used [0x00000000d9d80000,0x00000000d9d80000,0x00000000da880000)
 ParOldGen       total 60416K, used 10314K [0x0000000081800000, 0x0000000085300000, 0x00000000d5d80000)
  object space 60416K, 17% used [0x0000000081800000,0x00000000822128e8,0x0000000085300000)
 Metaspace       used 22153K, capacity 22428K, committed 22528K, reserved 1071104K
  class space    used 2715K, capacity 2796K, committed 2816K, reserved 1048576K
GC Heap History (10 events):
Event: 2.447 GC heap before
{Heap before GC invocations=6 (full 0):
 PSYoungGen      total 38400K, used 11303K [0x00000000d5d80000, 0x00000000d8800000, 0x0000000100000000)
  eden space 33280K, 18% used [0x00000000d5d80000,0x00000000d638b7e8,0x00000000d7e00000)
  from space 5120K, 99% used [0x00000000d7e00000,0x00000000d82fe420,0x00000000d8300000)
  to   space 5120K, 0% used [0x00000000d8300000,0x00000000d8300000,0x00000000d8800000)
 ParOldGen       total 87552K, used 10716K [0x0000000081800000, 0x0000000086d80000, 0x00000000d5d80000)
  object space 87552K, 12% used [0x0000000081800000,0x0000000082277290,0x0000000086d80000)
 Metaspace       used 20940K, capacity 21218K, committed 21296K, reserved 1069056K
  class space    used 2559K, capacity 2633K, committed 2688K, reserved 1048576K
Event: 2.460 GC heap after
Heap after GC invocations=6 (full 0):
 PSYoungGen      total 38400K, used 5114K [0x00000000d5d80000, 0x00000000d8800000, 0x0000000100000000)
  eden space 33280K, 0% used [0x00000000d5d80000,0x00000000d5d80000,0x00000000d7e00000)
  from space 5120K, 99% used [0x00000000d8300000,0x00000000d87fea50,0x00000000d8800000)
  to   space 5120K, 0% used [0x00000000d7e00000,0x00000000d7e00000,0x00000000d8300000)
 ParOldGen       total 87552K, used 11042K [0x0000000081800000, 0x0000000086d80000, 0x00000000d5d80000)
  object space 87552K, 12% used [0x0000000081800000,0x00000000822c88c0,0x0000000086d80000)
 Metaspace       used 20940K, capacity 21218K, committed 21296K, reserved 1069056K
  class space    used 2559K, capacity 2633K, committed 2688K, reserved 1048576K
}
Event: 2.460 GC heap before
{Heap before GC invocations=7 (full 1):
 PSYoungGen      total 38400K, used 5114K [0x00000000d5d80000, 0x00000000d8800000, 0x0000000100000000)
  eden space 33280K, 0% used [0x00000000d5d80000,0x00000000d5d80000,0x00000000d7e00000)
  from space 5120K, 99% used [0x00000000d8300000,0x00000000d87fea50,0x00000000d8800000)
  to   space 5120K, 0% used [0x00000000d7e00000,0x00000000d7e00000,0x00000000d8300000)
 ParOldGen       total 87552K, used 11042K [0x0000000081800000, 0x0000000086d80000, 0x00000000d5d80000)
  object space 87552K, 12% used [0x0000000081800000,0x00000000822c88c0,0x0000000086d80000)
 Metaspace       used 20940K, capacity 21218K, committed 21296K, reserved 1069056K
  class space    used 2559K, capacity 2633K, committed 2688K, reserved 1048576K
Event: 2.519 GC heap after
Heap after GC invocations=7 (full 1):
 PSYoungGen      total 38400K, used 0K [0x00000000d5d80000, 0x00000000d8800000, 0x0000000100000000)
  eden space 33280K, 0% used [0x00000000d5d80000,0x00000000d5d80000,0x00000000d7e00000)
  from space 5120K, 0% used [0x00000000d8300000,0x00000000d8300000,0x00000000d8800000)
  to   space 5120K, 0% used [0x00000000d7e00000,0x00000000d7e00000,0x00000000d8300000)
 ParOldGen       total 60416K, used 10290K [0x0000000081800000, 0x0000000085300000, 0x00000000d5d80000)
  object space 60416K, 17% used [0x0000000081800000,0x000000008220c8e8,0x0000000085300000)
 Metaspace       used 20940K, capacity 21218K, committed 21296K, reserved 1069056K
  class space    used 2559K, capacity 2633K, committed 2688K, reserved 1048576K
}
Event: 2.709 GC heap before
{Heap before GC invocations=8 (full 1):
 PSYoungGen      total 38400K, used 33280K [0x00000000d5d80000, 0x00000000d8800000, 0x0000000100000000)
  eden space 33280K, 100% used [0x00000000d5d80000,0x00000000d7e00000,0x00000000d7e00000)
  from space 5120K, 0% used [0x00000000d8300000,0x00000000d8300000,0x00000000d8800000)
  to   space 5120K, 0% used [0x00000000d7e00000,0x00000000d7e00000,0x00000000d8300000)
 ParOldGen       total 60416K, used 10290K [0x0000000081800000, 0x0000000085300000, 0x00000000d5d80000)
  object space 60416K, 17% used [0x0000000081800000,0x000000008220c8e8,0x0000000085300000)
 Metaspace       used 21205K, capacity 21506K, committed 21552K, reserved 1069056K
  class space    used 2586K, capacity 2665K, committed 2688K, reserved 1048576K
Event: 2.711 GC heap after
Heap after GC invocations=8 (full 1):
 PSYoungGen      total 38400K, used 703K [0x00000000d5d80000, 0x00000000da900000, 0x0000000100000000)
  eden space 33280K, 0% used [0x00000000d5d80000,0x00000000d5d80000,0x00000000d7e00000)
  from space 5120K, 13% used [0x00000000d7e00000,0x00000000d7eafcd8,0x00000000d8300000)
  to   space 11776K, 0% used [0x00000000d9d80000,0x00000000d9d80000,0x00000000da900000)
 ParOldGen       total 60416K, used 10298K [0x0000000081800000, 0x0000000085300000, 0x00000000d5d80000)
  object space 60416K, 17% used [0x0000000081800000,0x000000008220e8e8,0x0000000085300000)
 Metaspace       used 21205K, capacity 21506K, committed 21552K, reserved 1069056K
  class space    used 2586K, capacity 2665K, committed 2688K, reserved 1048576K
}
Event: 3.020 GC heap before
{Heap before GC invocations=9 (full 1):
 PSYoungGen      total 38400K, used 33983K [0x00000000d5d80000, 0x00000000da900000, 0x0000000100000000)
  eden space 33280K, 100% used [0x00000000d5d80000,0x00000000d7e00000,0x00000000d7e00000)
  from space 5120K, 13% used [0x00000000d7e00000,0x00000000d7eafcd8,0x00000000d8300000)
  to   space 11776K, 0% used [0x00000000d9d80000,0x00000000d9d80000,0x00000000da900000)
 ParOldGen       total 60416K, used 10298K [0x0000000081800000, 0x0000000085300000, 0x00000000d5d80000)
  object space 60416K, 17% used [0x0000000081800000,0x000000008220e8e8,0x0000000085300000)
 Metaspace       used 21695K, capacity 21980K, committed 22192K, reserved 1069056K
  class space    used 2646K, capacity 2732K, committed 2816K, reserved 1048576K
Event: 3.024 GC heap after
Heap after GC invocations=9 (full 1):
 PSYoungGen      total 63488K, used 1468K [0x00000000d5d80000, 0x00000000da880000, 0x0000000100000000)
  eden space 52224K, 0% used [0x00000000d5d80000,0x00000000d5d80000,0x00000000d9080000)
  from space 11264K, 13% used [0x00000000d9d80000,0x00000000d9eef140,0x00000000da880000)
  to   space 12288K, 0% used [0x00000000d9080000,0x00000000d9080000,0x00000000d9c80000)
 ParOldGen       total 60416K, used 10306K [0x0000000081800000, 0x0000000085300000, 0x00000000d5d80000)
  object space 60416K, 17% used [0x0000000081800000,0x00000000822108e8,0x0000000085300000)
 Metaspace       used 21695K, capacity 21980K, committed 22192K, reserved 1069056K
  class space    used 2646K, capacity 2732K, committed 2816K, reserved 1048576K
}
Event: 3.573 GC heap before
{Heap before GC invocations=10 (full 1):
 PSYoungGen      total 63488K, used 53692K [0x00000000d5d80000, 0x00000000da880000, 0x0000000100000000)
  eden space 52224K, 100% used [0x00000000d5d80000,0x00000000d9080000,0x00000000d9080000)
  from space 11264K, 13% used [0x00000000d9d80000,0x00000000d9eef140,0x00000000da880000)
  to   space 12288K, 0% used [0x00000000d9080000,0x00000000d9080000,0x00000000d9c80000)
 ParOldGen       total 60416K, used 10306K [0x0000000081800000, 0x0000000085300000, 0x00000000d5d80000)
  object space 60416K, 17% used [0x0000000081800000,0x00000000822108e8,0x0000000085300000)
 Metaspace       used 22084K, capacity 22332K, committed 22528K, reserved 1071104K
  class space    used 2695K, capacity 2764K, committed 2816K, reserved 1048576K
Event: 3.603 GC heap after
Heap after GC invocations=10 (full 1):
 PSYoungGen      total 64512K, used 3906K [0x00000000d5d80000, 0x00000000da880000, 0x0000000100000000)
  eden space 52224K, 0% used [0x00000000d5d80000,0x00000000d5d80000,0x00000000d9080000)
  from space 12288K, 31% used [0x00000000d9080000,0x00000000d9450b18,0x00000000d9c80000)
  to   space 11264K, 0% used [0x00000000d9d80000,0x00000000d9d80000,0x00000000da880000)
 ParOldGen       total 60416K, used 10314K [0x0000000081800000, 0x0000000085300000, 0x00000000d5d80000)
  object space 60416K, 17% used [0x0000000081800000,0x00000000822128e8,0x0000000085300000)
 Metaspace       used 22084K, capacity 22332K, committed 22528K, reserved 1071104K
  class space    used 2695K, capacity 2764K, committed 2816K, reserved 1048576K
}

