# JRE version: Java(TM) SE Runtime Environment (8.0_221-b11) (build 1.8.0_221-b11)
# Java VM: Java HotSpot(TM) 64-Bit Server VM (25.221-b11 mixed mode windows-amd64 compressed oops)
Heap:
 PSYoungGen      total 219136K, used 131542K [0x00000000d5d80000, 0x00000000e5780000, 0x0000000100000000)
  eden space 203264K, 57% used [0x00000000d5d80000,0x00000000dcee96b0,0x00000000e2400000)
  from space 15872K, 97% used [0x00000000e4800000,0x00000000e570c290,0x00000000e5780000)
  to   space 24064K, 0% used [0x00000000e2880000,0x00000000e2880000,0x00000000e4000000)
 ParOldGen       total 105984K, used 25520K [0x0000000081800000, 0x0000000087f80000, 0x00000000d5d80000)
  object space 105984K, 24% used [0x0000000081800000,0x00000000830ec320,0x0000000087f80000)
 Metaspace       used 57641K, capacity 58242K, committed 58624K, reserved 1099776K
  class space    used 7241K, capacity 7420K, committed 7424K, reserved 1048576K
GC Heap History (10 events):
Event: 8.238 GC heap before
{Heap before GC invocations=12 (full 2):
 PSYoungGen      total 197120K, used 12741K [0x00000000d5d80000, 0x00000000e2e80000, 0x0000000100000000)
  eden space 182784K, 0% used [0x00000000d5d80000,0x00000000d5d80000,0x00000000e1000000)
  from space 14336K, 88% used [0x00000000e1f00000,0x00000000e2b715e0,0x00000000e2d00000)
  to   space 15360K, 0% used [0x00000000e1000000,0x00000000e1000000,0x00000000e1f00000)
 ParOldGen       total 66560K, used 11441K [0x0000000081800000, 0x0000000085900000, 0x00000000d5d80000)
  object space 66560K, 17% used [0x0000000081800000,0x000000008232c478,0x0000000085900000)
 Metaspace       used 34782K, capacity 35218K, committed 35496K, reserved 1081344K
  class space    used 4405K, capacity 4518K, committed 4608K, reserved 1048576K
Event: 8.351 GC heap after
Heap after GC invocations=12 (full 2):
 PSYoungGen      total 197120K, used 0K [0x00000000d5d80000, 0x00000000e2e80000, 0x0000000100000000)
  eden space 182784K, 0% used [0x00000000d5d80000,0x00000000d5d80000,0x00000000e1000000)
  from space 14336K, 0% used [0x00000000e1f00000,0x00000000e1f00000,0x00000000e2d00000)
  to   space 15360K, 0% used [0x00000000e1000000,0x00000000e1000000,0x00000000e1f00000)
 ParOldGen       total 105984K, used 22268K [0x0000000081800000, 0x0000000087f80000, 0x00000000d5d80000)
  object space 105984K, 21% used [0x0000000081800000,0x0000000082dbf2c8,0x0000000087f80000)
 Metaspace       used 34782K, capacity 35218K, committed 35496K, reserved 1081344K
  class space    used 4405K, capacity 4518K, committed 4608K, reserved 1048576K
}
Event: 11.404 GC heap before
{Heap before GC invocations=13 (full 2):
 PSYoungGen      total 197120K, used 182784K [0x00000000d5d80000, 0x00000000e2e80000, 0x0000000100000000)
  eden space 182784K, 100% used [0x00000000d5d80000,0x00000000e1000000,0x00000000e1000000)
  from space 14336K, 0% used [0x00000000e1f00000,0x00000000e1f00000,0x00000000e2d00000)
  to   space 15360K, 0% used [0x00000000e1000000,0x00000000e1000000,0x00000000e1f00000)
 ParOldGen       total 105984K, used 22268K [0x0000000081800000, 0x0000000087f80000, 0x00000000d5d80000)
  object space 105984K, 21% used [0x0000000081800000,0x0000000082dbf2c8,0x0000000087f80000)
 Metaspace       used 48203K, capacity 48662K, committed 49152K, reserved 1091584K
  class space    used 6221K, capacity 6362K, committed 6400K, reserved 1048576K
Event: 11.430 GC heap after
Heap after GC invocations=13 (full 2):
 PSYoungGen      total 198144K, used 15357K [0x00000000d5d80000, 0x00000000e5e80000, 0x0000000100000000)
  eden space 182784K, 0% used [0x00000000d5d80000,0x00000000d5d80000,0x00000000e1000000)
  from space 15360K, 99% used [0x00000000e1000000,0x00000000e1eff598,0x00000000e1f00000)
  to   space 18944K, 0% used [0x00000000e4c00000,0x00000000e4c00000,0x00000000e5e80000)
 ParOldGen       total 105984K, used 25496K [0x0000000081800000, 0x0000000087f80000, 0x00000000d5d80000)
  object space 105984K, 24% used [0x0000000081800000,0x00000000830e6320,0x0000000087f80000)
 Metaspace       used 48203K, capacity 48662K, committed 49152K, reserved 1091584K
  class space    used 6221K, capacity 6362K, committed 6400K, reserved 1048576K
}
Event: 158.214 GC heap before
{Heap before GC invocations=14 (full 2):
 PSYoungGen      total 198144K, used 198141K [0x00000000d5d80000, 0x00000000e5e80000, 0x0000000100000000)
  eden space 182784K, 100% used [0x00000000d5d80000,0x00000000e1000000,0x00000000e1000000)
  from space 15360K, 99% used [0x00000000e1000000,0x00000000e1eff598,0x00000000e1f00000)
  to   space 18944K, 0% used [0x00000000e4c00000,0x00000000e4c00000,0x00000000e5e80000)
 ParOldGen       total 105984K, used 25496K [0x0000000081800000, 0x0000000087f80000, 0x00000000d5d80000)
  object space 105984K, 24% used [0x0000000081800000,0x00000000830e6320,0x0000000087f80000)
 Metaspace       used 53514K, capacity 54054K, committed 54400K, reserved 1097728K
  class space    used 6837K, capacity 7000K, committed 7040K, reserved 1048576K
Event: 158.250 GC heap after
Heap after GC invocations=14 (full 2):
 PSYoungGen      total 237056K, used 18708K [0x00000000d5d80000, 0x00000000e5e80000, 0x0000000100000000)
  eden space 218112K, 0% used [0x00000000d5d80000,0x00000000d5d80000,0x00000000e3280000)
  from space 18944K, 98% used [0x00000000e4c00000,0x00000000e5e45238,0x00000000e5e80000)
  to   space 21504K, 0% used [0x00000000e3480000,0x00000000e3480000,0x00000000e4980000)
 ParOldGen       total 105984K, used 25504K [0x0000000081800000, 0x0000000087f80000, 0x00000000d5d80000)
  object space 105984K, 24% used [0x0000000081800000,0x00000000830e8320,0x0000000087f80000)
 Metaspace       used 53514K, capacity 54054K, committed 54400K, reserved 1097728K
  class space    used 6837K, capacity 7000K, committed 7040K, reserved 1048576K
}
Event: 2801.875 GC heap before
{Heap before GC invocations=15 (full 2):
 PSYoungGen      total 237056K, used 236820K [0x00000000d5d80000, 0x00000000e5e80000, 0x0000000100000000)
  eden space 218112K, 100% used [0x00000000d5d80000,0x00000000e3280000,0x00000000e3280000)
  from space 18944K, 98% used [0x00000000e4c00000,0x00000000e5e45238,0x00000000e5e80000)
  to   space 21504K, 0% used [0x00000000e3480000,0x00000000e3480000,0x00000000e4980000)
 ParOldGen       total 105984K, used 25504K [0x0000000081800000, 0x0000000087f80000, 0x00000000d5d80000)
  object space 105984K, 24% used [0x0000000081800000,0x00000000830e8320,0x0000000087f80000)
 Metaspace       used 56717K, capacity 57268K, committed 57600K, reserved 1099776K
  class space    used 7224K, capacity 7397K, committed 7424K, reserved 1048576K
Event: 2801.917 GC heap after
Heap after GC invocations=15 (full 2):
 PSYoungGen      total 230400K, used 19488K [0x00000000d5d80000, 0x00000000e5a00000, 0x0000000100000000)
  eden space 210432K, 0% used [0x00000000d5d80000,0x00000000d5d80000,0x00000000e2b00000)
  from space 19968K, 97% used [0x00000000e3480000,0x00000000e4788040,0x00000000e4800000)
  to   space 18432K, 0% used [0x00000000e4800000,0x00000000e4800000,0x00000000e5a00000)
 ParOldGen       total 105984K, used 25512K [0x0000000081800000, 0x0000000087f80000, 0x00000000d5d80000)
  object space 105984K, 24% used [0x0000000081800000,0x00000000830ea320,0x0000000087f80000)
 Metaspace       used 56717K, capacity 57268K, committed 57600K, reserved 1099776K
  class space    used 7224K, capacity 7397K, committed 7424K, reserved 1048576K
}
Event: 5252.649 GC heap before
{Heap before GC invocations=16 (full 2):
 PSYoungGen      total 230400K, used 229920K [0x00000000d5d80000, 0x00000000e5a00000, 0x0000000100000000)
  eden space 210432K, 100% used [0x00000000d5d80000,0x00000000e2b00000,0x00000000e2b00000)
  from space 19968K, 97% used [0x00000000e3480000,0x00000000e4788040,0x00000000e4800000)
  to   space 18432K, 0% used [0x00000000e4800000,0x00000000e4800000,0x00000000e5a00000)
 ParOldGen       total 105984K, used 25512K [0x0000000081800000, 0x0000000087f80000, 0x00000000d5d80000)
  object space 105984K, 24% used [0x0000000081800000,0x00000000830ea320,0x0000000087f80000)
 Metaspace       used 57459K, capacity 58086K, committed 58368K, reserved 1099776K
  class space    used 7238K, capacity 7416K, committed 7424K, reserved 1048576K
Event: 5252.671 GC heap after
Heap after GC invocations=16 (full 2):
 PSYoungGen      total 219136K, used 15408K [0x00000000d5d80000, 0x00000000e5780000, 0x0000000100000000)
  eden space 203264K, 0% used [0x00000000d5d80000,0x00000000d5d80000,0x00000000e2400000)
  from space 15872K, 97% used [0x00000000e4800000,0x00000000e570c290,0x00000000e5780000)
  to   space 24064K, 0% used [0x00000000e2880000,0x00000000e2880000,0x00000000e4000000)
 ParOldGen       total 105984K, used 25520K [0x0000000081800000, 0x0000000087f80000, 0x00000000d5d80000)
  object space 105984K, 24% used [0x0000000081800000,0x00000000830ec320,0x0000000087f80000)
 Metaspace       used 57459K, capacity 58086K, committed 58368K, reserved 1099776K
  class space    used 7238K, capacity 7416K, committed 7424K, reserved 1048576K
}

