# JRE version: Java(TM) SE Runtime Environment (8.0_144-b01) (build 1.8.0_144-b01)
# Java VM: Java HotSpot(TM) 64-Bit Server VM (25.144-b01 mixed mode windows-amd64 compressed oops)
Heap:
 PSYoungGen      total 71680K, used 40530K [0x00000000d5d80000, 0x00000000da880000, 0x0000000100000000)
  eden space 66560K, 53% used [0x00000000d5d80000,0x00000000d8018b78,0x00000000d9e80000)
  from space 5120K, 99% used [0x00000000da380000,0x00000000da87bdd8,0x00000000da880000)
  to   space 5120K, 0% used [0x00000000d9e80000,0x00000000d9e80000,0x00000000da380000)
 ParOldGen       total 69120K, used 16250K [0x0000000081800000, 0x0000000085b80000, 0x00000000d5d80000)
  object space 69120K, 23% used [0x0000000081800000,0x00000000827de9d0,0x0000000085b80000)
 Metaspace       used 27772K, capacity 28110K, committed 28416K, reserved 1083392K
  class space    used 3495K, capacity 3584K, committed 3584K, reserved 1048576K
GC Heap History (10 events):
Event: 2.153 GC heap before
{Heap before GC invocations=4 (full 0):
 PSYoungGen      total 71680K, used 65540K [0x00000000d5d80000, 0x00000000da880000, 0x0000000100000000)
  eden space 66560K, 90% used [0x00000000d5d80000,0x00000000d9882740,0x00000000d9e80000)
  from space 5120K, 99% used [0x00000000d9e80000,0x00000000da37ec40,0x00000000da380000)
  to   space 5120K, 0% used [0x00000000da380000,0x00000000da380000,0x00000000da880000)
 ParOldGen       total 87552K, used 8186K [0x0000000081800000, 0x0000000086d80000, 0x00000000d5d80000)
  object space 87552K, 9% used [0x0000000081800000,0x0000000081ffeb98,0x0000000086d80000)
 Metaspace       used 20906K, capacity 21152K, committed 21296K, reserved 1069056K
  class space    used 2554K, capacity 2632K, committed 2688K, reserved 1048576K
Event: 2.166 GC heap after
Heap after GC invocations=4 (full 0):
 PSYoungGen      total 71680K, used 5089K [0x00000000d5d80000, 0x00000000da880000, 0x0000000100000000)
  eden space 66560K, 0% used [0x00000000d5d80000,0x00000000d5d80000,0x00000000d9e80000)
  from space 5120K, 99% used [0x00000000da380000,0x00000000da878560,0x00000000da880000)
  to   space 5120K, 0% used [0x00000000d9e80000,0x00000000d9e80000,0x00000000da380000)
 ParOldGen       total 87552K, used 11242K [0x0000000081800000, 0x0000000086d80000, 0x00000000d5d80000)
  object space 87552K, 12% used [0x0000000081800000,0x00000000822fa8d8,0x0000000086d80000)
 Metaspace       used 20906K, capacity 21152K, committed 21296K, reserved 1069056K
  class space    used 2554K, capacity 2632K, committed 2688K, reserved 1048576K
}
Event: 2.166 GC heap before
{Heap before GC invocations=5 (full 1):
 PSYoungGen      total 71680K, used 5089K [0x00000000d5d80000, 0x00000000da880000, 0x0000000100000000)
  eden space 66560K, 0% used [0x00000000d5d80000,0x00000000d5d80000,0x00000000d9e80000)
  from space 5120K, 99% used [0x00000000da380000,0x00000000da878560,0x00000000da880000)
  to   space 5120K, 0% used [0x00000000d9e80000,0x00000000d9e80000,0x00000000da380000)
 ParOldGen       total 87552K, used 11242K [0x0000000081800000, 0x0000000086d80000, 0x00000000d5d80000)
  object space 87552K, 12% used [0x0000000081800000,0x00000000822fa8d8,0x0000000086d80000)
 Metaspace       used 20906K, capacity 21152K, committed 21296K, reserved 1069056K
  class space    used 2554K, capacity 2632K, committed 2688K, reserved 1048576K
Event: 2.208 GC heap after
Heap after GC invocations=5 (full 1):
 PSYoungGen      total 71680K, used 0K [0x00000000d5d80000, 0x00000000da880000, 0x0000000100000000)
  eden space 66560K, 0% used [0x00000000d5d80000,0x00000000d5d80000,0x00000000d9e80000)
  from space 5120K, 0% used [0x00000000da380000,0x00000000da380000,0x00000000da880000)
  to   space 5120K, 0% used [0x00000000d9e80000,0x00000000d9e80000,0x00000000da380000)
 ParOldGen       total 69120K, used 11626K [0x0000000081800000, 0x0000000085b80000, 0x00000000d5d80000)
  object space 69120K, 16% used [0x0000000081800000,0x000000008235aab8,0x0000000085b80000)
 Metaspace       used 20906K, capacity 21152K, committed 21296K, reserved 1069056K
  class space    used 2554K, capacity 2632K, committed 2688K, reserved 1048576K
}
Event: 2.678 GC heap before
{Heap before GC invocations=6 (full 1):
 PSYoungGen      total 71680K, used 66560K [0x00000000d5d80000, 0x00000000da880000, 0x0000000100000000)
  eden space 66560K, 100% used [0x00000000d5d80000,0x00000000d9e80000,0x00000000d9e80000)
  from space 5120K, 0% used [0x00000000da380000,0x00000000da380000,0x00000000da880000)
  to   space 5120K, 0% used [0x00000000d9e80000,0x00000000d9e80000,0x00000000da380000)
 ParOldGen       total 69120K, used 11626K [0x0000000081800000, 0x0000000085b80000, 0x00000000d5d80000)
  object space 69120K, 16% used [0x0000000081800000,0x000000008235aab8,0x0000000085b80000)
 Metaspace       used 21777K, capacity 22070K, committed 22192K, reserved 1069056K
  class space    used 2667K, capacity 2763K, committed 2816K, reserved 1048576K
Event: 2.681 GC heap after
Heap after GC invocations=6 (full 1):
 PSYoungGen      total 71680K, used 2298K [0x00000000d5d80000, 0x00000000da880000, 0x0000000100000000)
  eden space 66560K, 0% used [0x00000000d5d80000,0x00000000d5d80000,0x00000000d9e80000)
  from space 5120K, 44% used [0x00000000d9e80000,0x00000000da0beba8,0x00000000da380000)
  to   space 5120K, 0% used [0x00000000da380000,0x00000000da380000,0x00000000da880000)
 ParOldGen       total 69120K, used 11634K [0x0000000081800000, 0x0000000085b80000, 0x00000000d5d80000)
  object space 69120K, 16% used [0x0000000081800000,0x000000008235cab8,0x0000000085b80000)
 Metaspace       used 21777K, capacity 22070K, committed 22192K, reserved 1069056K
  class space    used 2667K, capacity 2763K, committed 2816K, reserved 1048576K
}
Event: 3.194 GC heap before
{Heap before GC invocations=7 (full 1):
 PSYoungGen      total 71680K, used 68858K [0x00000000d5d80000, 0x00000000da880000, 0x0000000100000000)
  eden space 66560K, 100% used [0x00000000d5d80000,0x00000000d9e80000,0x00000000d9e80000)
  from space 5120K, 44% used [0x00000000d9e80000,0x00000000da0beba8,0x00000000da380000)
  to   space 5120K, 0% used [0x00000000da380000,0x00000000da380000,0x00000000da880000)
 ParOldGen       total 69120K, used 11634K [0x0000000081800000, 0x0000000085b80000, 0x00000000d5d80000)
  object space 69120K, 16% used [0x0000000081800000,0x000000008235cab8,0x0000000085b80000)
 Metaspace       used 22049K, capacity 22358K, committed 22448K, reserved 1069056K
  class space    used 2706K, capacity 2795K, committed 2816K, reserved 1048576K
Event: 3.205 GC heap after
Heap after GC invocations=7 (full 1):
 PSYoungGen      total 71680K, used 5091K [0x00000000d5d80000, 0x00000000da880000, 0x0000000100000000)
  eden space 66560K, 0% used [0x00000000d5d80000,0x00000000d5d80000,0x00000000d9e80000)
  from space 5120K, 99% used [0x00000000da380000,0x00000000da878e78,0x00000000da880000)
  to   space 5120K, 0% used [0x00000000d9e80000,0x00000000d9e80000,0x00000000da380000)
 ParOldGen       total 69120K, used 14216K [0x0000000081800000, 0x0000000085b80000, 0x00000000d5d80000)
  object space 69120K, 20% used [0x0000000081800000,0x00000000825e2128,0x0000000085b80000)
 Metaspace       used 22049K, capacity 22358K, committed 22448K, reserved 1069056K
  class space    used 2706K, capacity 2795K, committed 2816K, reserved 1048576K
}
Event: 3.746 GC heap before
{Heap before GC invocations=8 (full 1):
 PSYoungGen      total 71680K, used 71651K [0x00000000d5d80000, 0x00000000da880000, 0x0000000100000000)
  eden space 66560K, 100% used [0x00000000d5d80000,0x00000000d9e80000,0x00000000d9e80000)
  from space 5120K, 99% used [0x00000000da380000,0x00000000da878e78,0x00000000da880000)
  to   space 5120K, 0% used [0x00000000d9e80000,0x00000000d9e80000,0x00000000da380000)
 ParOldGen       total 69120K, used 14216K [0x0000000081800000, 0x0000000085b80000, 0x00000000d5d80000)
  object space 69120K, 20% used [0x0000000081800000,0x00000000825e2128,0x0000000085b80000)
 Metaspace       used 23351K, capacity 23642K, committed 24064K, reserved 1071104K
  class space    used 2889K, capacity 2961K, committed 3072K, reserved 1048576K
Event: 3.754 GC heap after
Heap after GC invocations=8 (full 1):
 PSYoungGen      total 71680K, used 5110K [0x00000000d5d80000, 0x00000000da880000, 0x0000000100000000)
  eden space 66560K, 0% used [0x00000000d5d80000,0x00000000d5d80000,0x00000000d9e80000)
  from space 5120K, 99% used [0x00000000d9e80000,0x00000000da37d8a8,0x00000000da380000)
  to   space 5120K, 0% used [0x00000000da380000,0x00000000da380000,0x00000000da880000)
 ParOldGen       total 69120K, used 14494K [0x0000000081800000, 0x0000000085b80000, 0x00000000d5d80000)
  object space 69120K, 20% used [0x0000000081800000,0x0000000082627ba0,0x0000000085b80000)
 Metaspace       used 23351K, capacity 23642K, committed 24064K, reserved 1071104K
  class space    used 2889K, capacity 2961K, committed 3072K, reserved 1048576K
}

