# JRE version: Java(TM) SE Runtime Environment (8.0_211-b12) (build 1.8.0_211-b12)
# Java VM: Java HotSpot(TM) 64-Bit Server VM (25.211-b12 mixed mode windows-amd64 compressed oops)
Heap:
 PSYoungGen      total 77824K, used 60247K [0x00000000d5d80000, 0x00000000db480000, 0x0000000100000000)
  eden space 66560K, 78% used [0x00000000d5d80000,0x00000000d90bea28,0x00000000d9e80000)
  from space 11264K, 69% used [0x00000000da980000,0x00000000db117338,0x00000000db480000)
  to   space 11264K, 0% used [0x00000000d9e80000,0x00000000d9e80000,0x00000000da980000)
 ParOldGen       total 63488K, used 10238K [0x0000000081800000, 0x0000000085600000, 0x00000000d5d80000)
  object space 63488K, 16% used [0x0000000081800000,0x00000000821ff8f8,0x0000000085600000)
 Metaspace       used 23058K, capacity 23350K, committed 23424K, reserved 1069056K
  class space    used 2844K, capacity 2929K, committed 2944K, reserved 1048576K
GC Heap History (10 events):
Event: 3.227 GC heap before
{Heap before GC invocations=5 (full 0):
 PSYoungGen      total 38400K, used 38396K [0x00000000d5d80000, 0x00000000da880000, 0x0000000100000000)
  eden space 33280K, 100% used [0x00000000d5d80000,0x00000000d7e00000,0x00000000d7e00000)
  from space 5120K, 99% used [0x00000000d8300000,0x00000000d87ff180,0x00000000d8800000)
  to   space 5120K, 0% used [0x00000000d7e00000,0x00000000d7e00000,0x00000000d8300000)
 ParOldGen       total 87552K, used 8184K [0x0000000081800000, 0x0000000086d80000, 0x00000000d5d80000)
  object space 87552K, 9% used [0x0000000081800000,0x0000000081ffe000,0x0000000086d80000)
 Metaspace       used 20810K, capacity 21090K, committed 21296K, reserved 1069056K
  class space    used 2550K, capacity 2633K, committed 2688K, reserved 1048576K
Event: 3.239 GC heap after
Heap after GC invocations=5 (full 0):
 PSYoungGen      total 38400K, used 5107K [0x00000000d5d80000, 0x00000000db480000, 0x0000000100000000)
  eden space 33280K, 0% used [0x00000000d5d80000,0x00000000d5d80000,0x00000000d7e00000)
  from space 5120K, 99% used [0x00000000d7e00000,0x00000000d82fce50,0x00000000d8300000)
  to   space 11264K, 0% used [0x00000000da980000,0x00000000da980000,0x00000000db480000)
 ParOldGen       total 87552K, used 10801K [0x0000000081800000, 0x0000000086d80000, 0x00000000d5d80000)
  object space 87552K, 12% used [0x0000000081800000,0x000000008228c4e0,0x0000000086d80000)
 Metaspace       used 20810K, capacity 21090K, committed 21296K, reserved 1069056K
  class space    used 2550K, capacity 2633K, committed 2688K, reserved 1048576K
}
Event: 3.391 GC heap before
{Heap before GC invocations=6 (full 0):
 PSYoungGen      total 38400K, used 31575K [0x00000000d5d80000, 0x00000000db480000, 0x0000000100000000)
  eden space 33280K, 79% used [0x00000000d5d80000,0x00000000d7758e28,0x00000000d7e00000)
  from space 5120K, 99% used [0x00000000d7e00000,0x00000000d82fce50,0x00000000d8300000)
  to   space 11264K, 0% used [0x00000000da980000,0x00000000da980000,0x00000000db480000)
 ParOldGen       total 87552K, used 10801K [0x0000000081800000, 0x0000000086d80000, 0x00000000d5d80000)
  object space 87552K, 12% used [0x0000000081800000,0x000000008228c4e0,0x0000000086d80000)
 Metaspace       used 20905K, capacity 21154K, committed 21296K, reserved 1069056K
  class space    used 2554K, capacity 2633K, committed 2688K, reserved 1048576K
Event: 3.407 GC heap after
Heap after GC invocations=6 (full 0):
 PSYoungGen      total 77824K, used 5570K [0x00000000d5d80000, 0x00000000db480000, 0x0000000100000000)
  eden space 66560K, 0% used [0x00000000d5d80000,0x00000000d5d80000,0x00000000d9e80000)
  from space 11264K, 49% used [0x00000000da980000,0x00000000daef0900,0x00000000db480000)
  to   space 11264K, 0% used [0x00000000d9e80000,0x00000000d9e80000,0x00000000da980000)
 ParOldGen       total 87552K, used 10809K [0x0000000081800000, 0x0000000086d80000, 0x00000000d5d80000)
  object space 87552K, 12% used [0x0000000081800000,0x000000008228e4e0,0x0000000086d80000)
 Metaspace       used 20905K, capacity 21154K, committed 21296K, reserved 1069056K
  class space    used 2554K, capacity 2633K, committed 2688K, reserved 1048576K
}
Event: 3.407 GC heap before
{Heap before GC invocations=7 (full 1):
 PSYoungGen      total 77824K, used 5570K [0x00000000d5d80000, 0x00000000db480000, 0x0000000100000000)
  eden space 66560K, 0% used [0x00000000d5d80000,0x00000000d5d80000,0x00000000d9e80000)
  from space 11264K, 49% used [0x00000000da980000,0x00000000daef0900,0x00000000db480000)
  to   space 11264K, 0% used [0x00000000d9e80000,0x00000000d9e80000,0x00000000da980000)
 ParOldGen       total 87552K, used 10809K [0x0000000081800000, 0x0000000086d80000, 0x00000000d5d80000)
  object space 87552K, 12% used [0x0000000081800000,0x000000008228e4e0,0x0000000086d80000)
 Metaspace       used 20905K, capacity 21154K, committed 21296K, reserved 1069056K
  class space    used 2554K, capacity 2633K, committed 2688K, reserved 1048576K
Event: 3.493 GC heap after
Heap after GC invocations=7 (full 1):
 PSYoungGen      total 77824K, used 0K [0x00000000d5d80000, 0x00000000db480000, 0x0000000100000000)
  eden space 66560K, 0% used [0x00000000d5d80000,0x00000000d5d80000,0x00000000d9e80000)
  from space 11264K, 0% used [0x00000000da980000,0x00000000da980000,0x00000000db480000)
  to   space 11264K, 0% used [0x00000000d9e80000,0x00000000d9e80000,0x00000000da980000)
 ParOldGen       total 63488K, used 10222K [0x0000000081800000, 0x0000000085600000, 0x00000000d5d80000)
  object space 63488K, 16% used [0x0000000081800000,0x00000000821fb8f8,0x0000000085600000)
 Metaspace       used 20905K, capacity 21154K, committed 21296K, reserved 1069056K
  class space    used 2554K, capacity 2633K, committed 2688K, reserved 1048576K
}
Event: 4.112 GC heap before
{Heap before GC invocations=8 (full 1):
 PSYoungGen      total 77824K, used 66560K [0x00000000d5d80000, 0x00000000db480000, 0x0000000100000000)
  eden space 66560K, 100% used [0x00000000d5d80000,0x00000000d9e80000,0x00000000d9e80000)
  from space 11264K, 0% used [0x00000000da980000,0x00000000da980000,0x00000000db480000)
  to   space 11264K, 0% used [0x00000000d9e80000,0x00000000d9e80000,0x00000000da980000)
 ParOldGen       total 63488K, used 10222K [0x0000000081800000, 0x0000000085600000, 0x00000000d5d80000)
  object space 63488K, 16% used [0x0000000081800000,0x00000000821fb8f8,0x0000000085600000)
 Metaspace       used 21769K, capacity 22072K, committed 22192K, reserved 1069056K
  class space    used 2668K, capacity 2764K, committed 2816K, reserved 1048576K
Event: 4.116 GC heap after
Heap after GC invocations=8 (full 1):
 PSYoungGen      total 77824K, used 2313K [0x00000000d5d80000, 0x00000000db480000, 0x0000000100000000)
  eden space 66560K, 0% used [0x00000000d5d80000,0x00000000d5d80000,0x00000000d9e80000)
  from space 11264K, 20% used [0x00000000d9e80000,0x00000000da0c2588,0x00000000da980000)
  to   space 11264K, 0% used [0x00000000da980000,0x00000000da980000,0x00000000db480000)
 ParOldGen       total 63488K, used 10230K [0x0000000081800000, 0x0000000085600000, 0x00000000d5d80000)
  object space 63488K, 16% used [0x0000000081800000,0x00000000821fd8f8,0x0000000085600000)
 Metaspace       used 21769K, capacity 22072K, committed 22192K, reserved 1069056K
  class space    used 2668K, capacity 2764K, committed 2816K, reserved 1048576K
}
Event: 4.671 GC heap before
{Heap before GC invocations=9 (full 1):
 PSYoungGen      total 77824K, used 68873K [0x00000000d5d80000, 0x00000000db480000, 0x0000000100000000)
  eden space 66560K, 100% used [0x00000000d5d80000,0x00000000d9e80000,0x00000000d9e80000)
  from space 11264K, 20% used [0x00000000d9e80000,0x00000000da0c2588,0x00000000da980000)
  to   space 11264K, 0% used [0x00000000da980000,0x00000000da980000,0x00000000db480000)
 ParOldGen       total 63488K, used 10230K [0x0000000081800000, 0x0000000085600000, 0x00000000d5d80000)
  object space 63488K, 16% used [0x0000000081800000,0x00000000821fd8f8,0x0000000085600000)
 Metaspace       used 22041K, capacity 22360K, committed 22448K, reserved 1069056K
  class space    used 2707K, capacity 2796K, committed 2816K, reserved 1048576K
Event: 4.680 GC heap after
Heap after GC invocations=9 (full 1):
 PSYoungGen      total 77824K, used 7772K [0x00000000d5d80000, 0x00000000db480000, 0x0000000100000000)
  eden space 66560K, 0% used [0x00000000d5d80000,0x00000000d5d80000,0x00000000d9e80000)
  from space 11264K, 69% used [0x00000000da980000,0x00000000db117338,0x00000000db480000)
  to   space 11264K, 0% used [0x00000000d9e80000,0x00000000d9e80000,0x00000000da980000)
 ParOldGen       total 63488K, used 10238K [0x0000000081800000, 0x0000000085600000, 0x00000000d5d80000)
  object space 63488K, 16% used [0x0000000081800000,0x00000000821ff8f8,0x0000000085600000)
 Metaspace       used 22041K, capacity 22360K, committed 22448K, reserved 1069056K
  class space    used 2707K, capacity 2796K, committed 2816K, reserved 1048576K
}

