# JRE version: Java(TM) SE Runtime Environment (8.0_221-b11) (build 1.8.0_221-b11)
# Java VM: Java HotSpot(TM) 64-Bit Server VM (25.221-b11 mixed mode windows-amd64 compressed oops)
Heap:
 PSYoungGen      total 178688K, used 62850K [0x00000000d5d80000, 0x00000000e1d80000, 0x0000000100000000)
  eden space 164352K, 38% used [0x00000000d5d80000,0x00000000d9ae0bd0,0x00000000dfe00000)
  from space 14336K, 0% used [0x00000000e0d00000,0x00000000e0d00000,0x00000000e1b00000)
  to   space 15360K, 0% used [0x00000000dfe00000,0x00000000dfe00000,0x00000000e0d00000)
 ParOldGen       total 108544K, used 22601K [0x0000000081800000, 0x0000000088200000, 0x00000000d5d80000)
  object space 108544K, 20% used [0x0000000081800000,0x0000000082e12400,0x0000000088200000)
 Metaspace       used 42623K, capacity 42982K, committed 43264K, reserved 1087488K
  class space    used 5475K, capacity 5547K, committed 5632K, reserved 1048576K
GC Heap History (10 events):
Event: 3.565 GC heap before
{Heap before GC invocations=8 (full 1):
 PSYoungGen      total 96768K, used 96565K [0x00000000d5d80000, 0x00000000ded00000, 0x0000000100000000)
  eden space 94720K, 100% used [0x00000000d5d80000,0x00000000dba00000,0x00000000dba00000)
  from space 2048K, 90% used [0x00000000deb00000,0x00000000deccd540,0x00000000ded00000)
  to   space 12288K, 0% used [0x00000000dd500000,0x00000000dd500000,0x00000000de100000)
 ParOldGen       total 68608K, used 11396K [0x0000000081800000, 0x0000000085b00000, 0x00000000d5d80000)
  object space 68608K, 16% used [0x0000000081800000,0x0000000082321100,0x0000000085b00000)
 Metaspace       used 22111K, capacity 22428K, committed 22704K, reserved 1069056K
  class space    used 2713K, capacity 2796K, committed 2816K, reserved 1048576K
Event: 3.578 GC heap after
Heap after GC invocations=8 (full 1):
 PSYoungGen      total 134656K, used 9143K [0x00000000d5d80000, 0x00000000df980000, 0x0000000100000000)
  eden space 122368K, 0% used [0x00000000d5d80000,0x00000000d5d80000,0x00000000dd500000)
  from space 12288K, 74% used [0x00000000dd500000,0x00000000dddedc30,0x00000000de100000)
  to   space 12800K, 0% used [0x00000000ded00000,0x00000000ded00000,0x00000000df980000)
 ParOldGen       total 68608K, used 11404K [0x0000000081800000, 0x0000000085b00000, 0x00000000d5d80000)
  object space 68608K, 16% used [0x0000000081800000,0x0000000082323100,0x0000000085b00000)
 Metaspace       used 22111K, capacity 22428K, committed 22704K, reserved 1069056K
  class space    used 2713K, capacity 2796K, committed 2816K, reserved 1048576K
}
Event: 5.140 GC heap before
{Heap before GC invocations=9 (full 1):
 PSYoungGen      total 134656K, used 131511K [0x00000000d5d80000, 0x00000000df980000, 0x0000000100000000)
  eden space 122368K, 100% used [0x00000000d5d80000,0x00000000dd500000,0x00000000dd500000)
  from space 12288K, 74% used [0x00000000dd500000,0x00000000dddedc30,0x00000000de100000)
  to   space 12800K, 0% used [0x00000000ded00000,0x00000000ded00000,0x00000000df980000)
 ParOldGen       total 68608K, used 11404K [0x0000000081800000, 0x0000000085b00000, 0x00000000d5d80000)
  object space 68608K, 16% used [0x0000000081800000,0x0000000082323100,0x0000000085b00000)
 Metaspace       used 26154K, capacity 26606K, committed 27008K, reserved 1073152K
  class space    used 3264K, capacity 3360K, committed 3456K, reserved 1048576K
Event: 5.158 GC heap after
Heap after GC invocations=9 (full 1):
 PSYoungGen      total 146432K, used 8714K [0x00000000d5d80000, 0x00000000e1e00000, 0x0000000100000000)
  eden space 133632K, 0% used [0x00000000d5d80000,0x00000000d5d80000,0x00000000de000000)
  from space 12800K, 68% used [0x00000000ded00000,0x00000000df5828c0,0x00000000df980000)
  to   space 13312K, 0% used [0x00000000de000000,0x00000000de000000,0x00000000ded00000)
 ParOldGen       total 68608K, used 11412K [0x0000000081800000, 0x0000000085b00000, 0x00000000d5d80000)
  object space 68608K, 16% used [0x0000000081800000,0x0000000082325100,0x0000000085b00000)
 Metaspace       used 26154K, capacity 26606K, committed 27008K, reserved 1073152K
  class space    used 3264K, capacity 3360K, committed 3456K, reserved 1048576K
}
Event: 6.579 GC heap before
{Heap before GC invocations=10 (full 1):
 PSYoungGen      total 146432K, used 142346K [0x00000000d5d80000, 0x00000000e1e00000, 0x0000000100000000)
  eden space 133632K, 100% used [0x00000000d5d80000,0x00000000de000000,0x00000000de000000)
  from space 12800K, 68% used [0x00000000ded00000,0x00000000df5828c0,0x00000000df980000)
  to   space 13312K, 0% used [0x00000000de000000,0x00000000de000000,0x00000000ded00000)
 ParOldGen       total 68608K, used 11412K [0x0000000081800000, 0x0000000085b00000, 0x00000000d5d80000)
  object space 68608K, 16% used [0x0000000081800000,0x0000000082325100,0x0000000085b00000)
 Metaspace       used 31186K, capacity 31572K, committed 32000K, reserved 1077248K
  class space    used 3881K, capacity 3969K, committed 4096K, reserved 1048576K
Event: 6.602 GC heap after
Heap after GC invocations=10 (full 1):
 PSYoungGen      total 146944K, used 11055K [0x00000000d5d80000, 0x00000000e1b00000, 0x0000000100000000)
  eden space 133632K, 0% used [0x00000000d5d80000,0x00000000d5d80000,0x00000000de000000)
  from space 13312K, 83% used [0x00000000de000000,0x00000000deacbce8,0x00000000ded00000)
  to   space 14336K, 0% used [0x00000000e0d00000,0x00000000e0d00000,0x00000000e1b00000)
 ParOldGen       total 68608K, used 11420K [0x0000000081800000, 0x0000000085b00000, 0x00000000d5d80000)
  object space 68608K, 16% used [0x0000000081800000,0x0000000082327100,0x0000000085b00000)
 Metaspace       used 31186K, capacity 31572K, committed 32000K, reserved 1077248K
  class space    used 3881K, capacity 3969K, committed 4096K, reserved 1048576K
}
Event: 7.657 GC heap before
{Heap before GC invocations=11 (full 1):
 PSYoungGen      total 146944K, used 87011K [0x00000000d5d80000, 0x00000000e1b00000, 0x0000000100000000)
  eden space 133632K, 56% used [0x00000000d5d80000,0x00000000da7ad300,0x00000000de000000)
  from space 13312K, 83% used [0x00000000de000000,0x00000000deacbce8,0x00000000ded00000)
  to   space 14336K, 0% used [0x00000000e0d00000,0x00000000e0d00000,0x00000000e1b00000)
 ParOldGen       total 68608K, used 11420K [0x0000000081800000, 0x0000000085b00000, 0x00000000d5d80000)
  object space 68608K, 16% used [0x0000000081800000,0x0000000082327100,0x0000000085b00000)
 Metaspace       used 34832K, capacity 35218K, committed 35496K, reserved 1081344K
  class space    used 4416K, capacity 4518K, committed 4608K, reserved 1048576K
Event: 7.674 GC heap after
Heap after GC invocations=11 (full 1):
 PSYoungGen      total 178688K, used 13057K [0x00000000d5d80000, 0x00000000e1d80000, 0x0000000100000000)
  eden space 164352K, 0% used [0x00000000d5d80000,0x00000000d5d80000,0x00000000dfe00000)
  from space 14336K, 91% used [0x00000000e0d00000,0x00000000e19c0658,0x00000000e1b00000)
  to   space 15360K, 0% used [0x00000000dfe00000,0x00000000dfe00000,0x00000000e0d00000)
 ParOldGen       total 68608K, used 11428K [0x0000000081800000, 0x0000000085b00000, 0x00000000d5d80000)
  object space 68608K, 16% used [0x0000000081800000,0x0000000082329100,0x0000000085b00000)
 Metaspace       used 34832K, capacity 35218K, committed 35496K, reserved 1081344K
  class space    used 4416K, capacity 4518K, committed 4608K, reserved 1048576K
}
Event: 7.674 GC heap before
{Heap before GC invocations=12 (full 2):
 PSYoungGen      total 178688K, used 13057K [0x00000000d5d80000, 0x00000000e1d80000, 0x0000000100000000)
  eden space 164352K, 0% used [0x00000000d5d80000,0x00000000d5d80000,0x00000000dfe00000)
  from space 14336K, 91% used [0x00000000e0d00000,0x00000000e19c0658,0x00000000e1b00000)
  to   space 15360K, 0% used [0x00000000dfe00000,0x00000000dfe00000,0x00000000e0d00000)
 ParOldGen       total 68608K, used 11428K [0x0000000081800000, 0x0000000085b00000, 0x00000000d5d80000)
  object space 68608K, 16% used [0x0000000081800000,0x0000000082329100,0x0000000085b00000)
 Metaspace       used 34832K, capacity 35218K, committed 35496K, reserved 1081344K
  class space    used 4416K, capacity 4518K, committed 4608K, reserved 1048576K
Event: 7.781 GC heap after
Heap after GC invocations=12 (full 2):
 PSYoungGen      total 178688K, used 0K [0x00000000d5d80000, 0x00000000e1d80000, 0x0000000100000000)
  eden space 164352K, 0% used [0x00000000d5d80000,0x00000000d5d80000,0x00000000dfe00000)
  from space 14336K, 0% used [0x00000000e0d00000,0x00000000e0d00000,0x00000000e1b00000)
  to   space 15360K, 0% used [0x00000000dfe00000,0x00000000dfe00000,0x00000000e0d00000)
 ParOldGen       total 108544K, used 22601K [0x0000000081800000, 0x0000000088200000, 0x00000000d5d80000)
  object space 108544K, 20% used [0x0000000081800000,0x0000000082e12400,0x0000000088200000)
 Metaspace       used 34832K, capacity 35218K, committed 35496K, reserved 1081344K
  class space    used 4416K, capacity 4518K, committed 4608K, reserved 1048576K
}

