# JRE version: Java(TM) SE Runtime Environment (8.0_144-b01) (build 1.8.0_144-b01)
# Java VM: Java HotSpot(TM) 64-Bit Server VM (25.144-b01 mixed mode windows-amd64 compressed oops)
Heap:
 PSYoungGen      total 214016K, used 104502K [0x00000000d5d80000, 0x00000000e9980000, 0x0000000100000000)
  eden space 198144K, 52% used [0x00000000d5d80000,0x00000000dc38dbe8,0x00000000e1f00000)
  from space 15872K, 0% used [0x00000000e8a00000,0x00000000e8a00000,0x00000000e9980000)
  to   space 13312K, 0% used [0x00000000e1f00000,0x00000000e1f00000,0x00000000e2c00000)
 ParOldGen       total 94720K, used 21253K [0x0000000081800000, 0x0000000087480000, 0x00000000d5d80000)
  object space 94720K, 22% used [0x0000000081800000,0x0000000082cc17a8,0x0000000087480000)
 Metaspace       used 46753K, capacity 47184K, committed 47616K, reserved 1091584K
  class space    used 6030K, capacity 6131K, committed 6144K, reserved 1048576K
GC Heap History (10 events):
Event: 3.508 GC heap before
{Heap before GC invocations=6 (full 1):
 PSYoungGen      total 138240K, used 133120K [0x00000000d5d80000, 0x00000000de980000, 0x0000000100000000)
  eden space 133120K, 100% used [0x00000000d5d80000,0x00000000ddf80000,0x00000000ddf80000)
  from space 5120K, 0% used [0x00000000de480000,0x00000000de480000,0x00000000de980000)
  to   space 5120K, 0% used [0x00000000ddf80000,0x00000000ddf80000,0x00000000de480000)
 ParOldGen       total 68096K, used 11619K [0x0000000081800000, 0x0000000085a80000, 0x00000000d5d80000)
  object space 68096K, 17% used [0x0000000081800000,0x0000000082358cd8,0x0000000085a80000)
 Metaspace       used 22064K, capacity 22358K, committed 22448K, reserved 1069056K
  class space    used 2712K, capacity 2795K, committed 2816K, reserved 1048576K
Event: 3.523 GC heap after
Heap after GC invocations=6 (full 1):
 PSYoungGen      total 138240K, used 5112K [0x00000000d5d80000, 0x00000000e3c00000, 0x0000000100000000)
  eden space 133120K, 0% used [0x00000000d5d80000,0x00000000d5d80000,0x00000000ddf80000)
  from space 5120K, 99% used [0x00000000ddf80000,0x00000000de47e2d8,0x00000000de480000)
  to   space 13312K, 0% used [0x00000000e2f00000,0x00000000e2f00000,0x00000000e3c00000)
 ParOldGen       total 68096K, used 15579K [0x0000000081800000, 0x0000000085a80000, 0x00000000d5d80000)
  object space 68096K, 22% used [0x0000000081800000,0x0000000082736e58,0x0000000085a80000)
 Metaspace       used 22064K, capacity 22358K, committed 22448K, reserved 1069056K
  class space    used 2712K, capacity 2795K, committed 2816K, reserved 1048576K
}
Event: 4.906 GC heap before
{Heap before GC invocations=7 (full 1):
 PSYoungGen      total 138240K, used 138232K [0x00000000d5d80000, 0x00000000e3c00000, 0x0000000100000000)
  eden space 133120K, 100% used [0x00000000d5d80000,0x00000000ddf80000,0x00000000ddf80000)
  from space 5120K, 99% used [0x00000000ddf80000,0x00000000de47e2d8,0x00000000de480000)
  to   space 13312K, 0% used [0x00000000e2f00000,0x00000000e2f00000,0x00000000e3c00000)
 ParOldGen       total 68096K, used 15579K [0x0000000081800000, 0x0000000085a80000, 0x00000000d5d80000)
  object space 68096K, 22% used [0x0000000081800000,0x0000000082736e58,0x0000000085a80000)
 Metaspace       used 26209K, capacity 26536K, committed 26752K, reserved 1073152K
  class space    used 3273K, capacity 3359K, committed 3456K, reserved 1048576K
Event: 4.920 GC heap after
Heap after GC invocations=7 (full 1):
 PSYoungGen      total 207360K, used 9765K [0x00000000d5d80000, 0x00000000e3900000, 0x0000000100000000)
  eden space 197120K, 0% used [0x00000000d5d80000,0x00000000d5d80000,0x00000000e1e00000)
  from space 10240K, 95% used [0x00000000e2f00000,0x00000000e3889780,0x00000000e3900000)
  to   space 13312K, 0% used [0x00000000e1f00000,0x00000000e1f00000,0x00000000e2c00000)
 ParOldGen       total 68096K, used 15587K [0x0000000081800000, 0x0000000085a80000, 0x00000000d5d80000)
  object space 68096K, 22% used [0x0000000081800000,0x0000000082738e58,0x0000000085a80000)
 Metaspace       used 26209K, capacity 26536K, committed 26752K, reserved 1073152K
  class space    used 3273K, capacity 3359K, committed 3456K, reserved 1048576K
}
Event: 7.011 GC heap before
{Heap before GC invocations=8 (full 1):
 PSYoungGen      total 207360K, used 206885K [0x00000000d5d80000, 0x00000000e3900000, 0x0000000100000000)
  eden space 197120K, 100% used [0x00000000d5d80000,0x00000000e1e00000,0x00000000e1e00000)
  from space 10240K, 95% used [0x00000000e2f00000,0x00000000e3889780,0x00000000e3900000)
  to   space 13312K, 0% used [0x00000000e1f00000,0x00000000e1f00000,0x00000000e2c00000)
 ParOldGen       total 68096K, used 15587K [0x0000000081800000, 0x0000000085a80000, 0x00000000d5d80000)
  object space 68096K, 22% used [0x0000000081800000,0x0000000082738e58,0x0000000085a80000)
 Metaspace       used 33421K, capacity 33830K, committed 34048K, reserved 1079296K
  class space    used 4166K, capacity 4292K, committed 4352K, reserved 1048576K
Event: 7.047 GC heap after
Heap after GC invocations=8 (full 1):
 PSYoungGen      total 211456K, used 13284K [0x00000000d5d80000, 0x00000000e9980000, 0x0000000100000000)
  eden space 198144K, 0% used [0x00000000d5d80000,0x00000000d5d80000,0x00000000e1f00000)
  from space 13312K, 99% used [0x00000000e1f00000,0x00000000e2bf92a0,0x00000000e2c00000)
  to   space 15872K, 0% used [0x00000000e8a00000,0x00000000e8a00000,0x00000000e9980000)
 ParOldGen       total 68096K, used 17210K [0x0000000081800000, 0x0000000085a80000, 0x00000000d5d80000)
  object space 68096K, 25% used [0x0000000081800000,0x00000000828ceb80,0x0000000085a80000)
 Metaspace       used 33421K, capacity 33830K, committed 34048K, reserved 1079296K
  class space    used 4166K, capacity 4292K, committed 4352K, reserved 1048576K
}
Event: 7.294 GC heap before
{Heap before GC invocations=9 (full 1):
 PSYoungGen      total 211456K, used 29280K [0x00000000d5d80000, 0x00000000e9980000, 0x0000000100000000)
  eden space 198144K, 8% used [0x00000000d5d80000,0x00000000d6d1efc0,0x00000000e1f00000)
  from space 13312K, 99% used [0x00000000e1f00000,0x00000000e2bf92a0,0x00000000e2c00000)
  to   space 15872K, 0% used [0x00000000e8a00000,0x00000000e8a00000,0x00000000e9980000)
 ParOldGen       total 68096K, used 17210K [0x0000000081800000, 0x0000000085a80000, 0x00000000d5d80000)
  object space 68096K, 25% used [0x0000000081800000,0x00000000828ceb80,0x0000000085a80000)
 Metaspace       used 34860K, capacity 35212K, committed 35496K, reserved 1081344K
  class space    used 4412K, capacity 4517K, committed 4608K, reserved 1048576K
Event: 7.329 GC heap after
Heap after GC invocations=9 (full 1):
 PSYoungGen      total 214016K, used 11525K [0x00000000d5d80000, 0x00000000e9980000, 0x0000000100000000)
  eden space 198144K, 0% used [0x00000000d5d80000,0x00000000d5d80000,0x00000000e1f00000)
  from space 15872K, 72% used [0x00000000e8a00000,0x00000000e9541510,0x00000000e9980000)
  to   space 13312K, 0% used [0x00000000e1f00000,0x00000000e1f00000,0x00000000e2c00000)
 ParOldGen       total 68096K, used 17210K [0x0000000081800000, 0x0000000085a80000, 0x00000000d5d80000)
  object space 68096K, 25% used [0x0000000081800000,0x00000000828ceb80,0x0000000085a80000)
 Metaspace       used 34860K, capacity 35212K, committed 35496K, reserved 1081344K
  class space    used 4412K, capacity 4517K, committed 4608K, reserved 1048576K
}
Event: 7.329 GC heap before
{Heap before GC invocations=10 (full 2):
 PSYoungGen      total 214016K, used 11525K [0x00000000d5d80000, 0x00000000e9980000, 0x0000000100000000)
  eden space 198144K, 0% used [0x00000000d5d80000,0x00000000d5d80000,0x00000000e1f00000)
  from space 15872K, 72% used [0x00000000e8a00000,0x00000000e9541510,0x00000000e9980000)
  to   space 13312K, 0% used [0x00000000e1f00000,0x00000000e1f00000,0x00000000e2c00000)
 ParOldGen       total 68096K, used 17210K [0x0000000081800000, 0x0000000085a80000, 0x00000000d5d80000)
  object space 68096K, 25% used [0x0000000081800000,0x00000000828ceb80,0x0000000085a80000)
 Metaspace       used 34860K, capacity 35212K, committed 35496K, reserved 1081344K
  class space    used 4412K, capacity 4517K, committed 4608K, reserved 1048576K
Event: 7.478 GC heap after
Heap after GC invocations=10 (full 2):
 PSYoungGen      total 214016K, used 0K [0x00000000d5d80000, 0x00000000e9980000, 0x0000000100000000)
  eden space 198144K, 0% used [0x00000000d5d80000,0x00000000d5d80000,0x00000000e1f00000)
  from space 15872K, 0% used [0x00000000e8a00000,0x00000000e8a00000,0x00000000e9980000)
  to   space 13312K, 0% used [0x00000000e1f00000,0x00000000e1f00000,0x00000000e2c00000)
 ParOldGen       total 94720K, used 21253K [0x0000000081800000, 0x0000000087480000, 0x00000000d5d80000)
  object space 94720K, 22% used [0x0000000081800000,0x0000000082cc17a8,0x0000000087480000)
 Metaspace       used 34860K, capacity 35212K, committed 35496K, reserved 1081344K
  class space    used 4412K, capacity 4517K, committed 4608K, reserved 1048576K
}

