# JRE version: Java(TM) SE Runtime Environment (8.0_144-b01) (build 1.8.0_144-b01)
# Java VM: Java HotSpot(TM) 64-Bit Server VM (25.144-b01 mixed mode windows-amd64 compressed oops)
Heap:
 PSYoungGen      total 197120K, used 61304K [0x00000000d5d80000, 0x00000000e3000000, 0x0000000100000000)
  eden space 186880K, 32% used [0x00000000d5d80000,0x00000000d995e2c8,0x00000000e1400000)
  from space 10240K, 0% used [0x00000000e2600000,0x00000000e2600000,0x00000000e3000000)
  to   space 13312K, 0% used [0x00000000e1600000,0x00000000e1600000,0x00000000e2300000)
 ParOldGen       total 70144K, used 21957K [0x0000000081800000, 0x0000000085c80000, 0x00000000d5d80000)
  object space 70144K, 31% used [0x0000000081800000,0x0000000082d71780,0x0000000085c80000)
 Metaspace       used 42587K, capacity 43042K, committed 43520K, reserved 1089536K
  class space    used 5466K, capacity 5544K, committed 5632K, reserved 1048576K
GC Heap History (10 events):
Event: 3.245 GC heap before
{Heap before GC invocations=6 (full 1):
 PSYoungGen      total 138240K, used 133120K [0x00000000d5d80000, 0x00000000de980000, 0x0000000100000000)
  eden space 133120K, 100% used [0x00000000d5d80000,0x00000000ddf80000,0x00000000ddf80000)
  from space 5120K, 0% used [0x00000000de480000,0x00000000de480000,0x00000000de980000)
  to   space 5120K, 0% used [0x00000000ddf80000,0x00000000ddf80000,0x00000000de480000)
 ParOldGen       total 70144K, used 11641K [0x0000000081800000, 0x0000000085c80000, 0x00000000d5d80000)
  object space 70144K, 16% used [0x0000000081800000,0x000000008235e688,0x0000000085c80000)
 Metaspace       used 22067K, capacity 22358K, committed 22448K, reserved 1069056K
  class space    used 2709K, capacity 2795K, committed 2816K, reserved 1048576K
Event: 3.265 GC heap after
Heap after GC invocations=6 (full 1):
 PSYoungGen      total 138240K, used 5089K [0x00000000d5d80000, 0x00000000e3280000, 0x0000000100000000)
  eden space 133120K, 0% used [0x00000000d5d80000,0x00000000d5d80000,0x00000000ddf80000)
  from space 5120K, 99% used [0x00000000ddf80000,0x00000000de4785c8,0x00000000de480000)
  to   space 12800K, 0% used [0x00000000e2600000,0x00000000e2600000,0x00000000e3280000)
 ParOldGen       total 70144K, used 15558K [0x0000000081800000, 0x0000000085c80000, 0x00000000d5d80000)
  object space 70144K, 22% used [0x0000000081800000,0x0000000082731958,0x0000000085c80000)
 Metaspace       used 22067K, capacity 22358K, committed 22448K, reserved 1069056K
  class space    used 2709K, capacity 2795K, committed 2816K, reserved 1048576K
}
Event: 4.675 GC heap before
{Heap before GC invocations=7 (full 1):
 PSYoungGen      total 138240K, used 138209K [0x00000000d5d80000, 0x00000000e3280000, 0x0000000100000000)
  eden space 133120K, 100% used [0x00000000d5d80000,0x00000000ddf80000,0x00000000ddf80000)
  from space 5120K, 99% used [0x00000000ddf80000,0x00000000de4785c8,0x00000000de480000)
  to   space 12800K, 0% used [0x00000000e2600000,0x00000000e2600000,0x00000000e3280000)
 ParOldGen       total 70144K, used 15558K [0x0000000081800000, 0x0000000085c80000, 0x00000000d5d80000)
  object space 70144K, 22% used [0x0000000081800000,0x0000000082731958,0x0000000085c80000)
 Metaspace       used 26209K, capacity 26600K, committed 27008K, reserved 1073152K
  class space    used 3272K, capacity 3359K, committed 3456K, reserved 1048576K
Event: 4.688 GC heap after
Heap after GC invocations=7 (full 1):
 PSYoungGen      total 197120K, used 9881K [0x00000000d5d80000, 0x00000000e3000000, 0x0000000100000000)
  eden space 186880K, 0% used [0x00000000d5d80000,0x00000000d5d80000,0x00000000e1400000)
  from space 10240K, 96% used [0x00000000e2600000,0x00000000e2fa6718,0x00000000e3000000)
  to   space 13312K, 0% used [0x00000000e1600000,0x00000000e1600000,0x00000000e2300000)
 ParOldGen       total 70144K, used 15566K [0x0000000081800000, 0x0000000085c80000, 0x00000000d5d80000)
  object space 70144K, 22% used [0x0000000081800000,0x0000000082733958,0x0000000085c80000)
 Metaspace       used 26209K, capacity 26600K, committed 27008K, reserved 1073152K
  class space    used 3272K, capacity 3359K, committed 3456K, reserved 1048576K
}
Event: 6.378 GC heap before
{Heap before GC invocations=8 (full 1):
 PSYoungGen      total 197120K, used 196761K [0x00000000d5d80000, 0x00000000e3000000, 0x0000000100000000)
  eden space 186880K, 100% used [0x00000000d5d80000,0x00000000e1400000,0x00000000e1400000)
  from space 10240K, 96% used [0x00000000e2600000,0x00000000e2fa6718,0x00000000e3000000)
  to   space 13312K, 0% used [0x00000000e1600000,0x00000000e1600000,0x00000000e2300000)
 ParOldGen       total 70144K, used 15566K [0x0000000081800000, 0x0000000085c80000, 0x00000000d5d80000)
  object space 70144K, 22% used [0x0000000081800000,0x0000000082733958,0x0000000085c80000)
 Metaspace       used 32325K, capacity 32678K, committed 33152K, reserved 1079296K
  class space    used 4030K, capacity 4100K, committed 4224K, reserved 1048576K
Event: 6.408 GC heap after
Heap after GC invocations=8 (full 1):
 PSYoungGen      total 200192K, used 13287K [0x00000000d5d80000, 0x00000000e3000000, 0x0000000100000000)
  eden space 186880K, 0% used [0x00000000d5d80000,0x00000000d5d80000,0x00000000e1400000)
  from space 13312K, 99% used [0x00000000e1600000,0x00000000e22f9d18,0x00000000e2300000)
  to   space 10240K, 0% used [0x00000000e2600000,0x00000000e2600000,0x00000000e3000000)
 ParOldGen       total 70144K, used 16161K [0x0000000081800000, 0x0000000085c80000, 0x00000000d5d80000)
  object space 70144K, 23% used [0x0000000081800000,0x00000000827c8498,0x0000000085c80000)
 Metaspace       used 32325K, capacity 32678K, committed 33152K, reserved 1079296K
  class space    used 4030K, capacity 4100K, committed 4224K, reserved 1048576K
}
Event: 6.673 GC heap before
{Heap before GC invocations=9 (full 1):
 PSYoungGen      total 200192K, used 37594K [0x00000000d5d80000, 0x00000000e3000000, 0x0000000100000000)
  eden space 186880K, 13% used [0x00000000d5d80000,0x00000000d753ce80,0x00000000e1400000)
  from space 13312K, 99% used [0x00000000e1600000,0x00000000e22f9d18,0x00000000e2300000)
  to   space 10240K, 0% used [0x00000000e2600000,0x00000000e2600000,0x00000000e3000000)
 ParOldGen       total 70144K, used 16161K [0x0000000081800000, 0x0000000085c80000, 0x00000000d5d80000)
  object space 70144K, 23% used [0x0000000081800000,0x00000000827c8498,0x0000000085c80000)
 Metaspace       used 34860K, capacity 35212K, committed 35496K, reserved 1081344K
  class space    used 4415K, capacity 4517K, committed 4608K, reserved 1048576K
Event: 6.685 GC heap after
Heap after GC invocations=9 (full 1):
 PSYoungGen      total 197120K, used 10234K [0x00000000d5d80000, 0x00000000e3000000, 0x0000000100000000)
  eden space 186880K, 0% used [0x00000000d5d80000,0x00000000d5d80000,0x00000000e1400000)
  from space 10240K, 99% used [0x00000000e2600000,0x00000000e2ffe810,0x00000000e3000000)
  to   space 13312K, 0% used [0x00000000e1600000,0x00000000e1600000,0x00000000e2300000)
 ParOldGen       total 70144K, used 18072K [0x0000000081800000, 0x0000000085c80000, 0x00000000d5d80000)
  object space 70144K, 25% used [0x0000000081800000,0x00000000829a6188,0x0000000085c80000)
 Metaspace       used 34860K, capacity 35212K, committed 35496K, reserved 1081344K
  class space    used 4415K, capacity 4517K, committed 4608K, reserved 1048576K
}
Event: 6.685 GC heap before
{Heap before GC invocations=10 (full 2):
 PSYoungGen      total 197120K, used 10234K [0x00000000d5d80000, 0x00000000e3000000, 0x0000000100000000)
  eden space 186880K, 0% used [0x00000000d5d80000,0x00000000d5d80000,0x00000000e1400000)
  from space 10240K, 99% used [0x00000000e2600000,0x00000000e2ffe810,0x00000000e3000000)
  to   space 13312K, 0% used [0x00000000e1600000,0x00000000e1600000,0x00000000e2300000)
 ParOldGen       total 70144K, used 18072K [0x0000000081800000, 0x0000000085c80000, 0x00000000d5d80000)
  object space 70144K, 25% used [0x0000000081800000,0x00000000829a6188,0x0000000085c80000)
 Metaspace       used 34860K, capacity 35212K, committed 35496K, reserved 1081344K
  class space    used 4415K, capacity 4517K, committed 4608K, reserved 1048576K
Event: 6.784 GC heap after
Heap after GC invocations=10 (full 2):
 PSYoungGen      total 197120K, used 0K [0x00000000d5d80000, 0x00000000e3000000, 0x0000000100000000)
  eden space 186880K, 0% used [0x00000000d5d80000,0x00000000d5d80000,0x00000000e1400000)
  from space 10240K, 0% used [0x00000000e2600000,0x00000000e2600000,0x00000000e3000000)
  to   space 13312K, 0% used [0x00000000e1600000,0x00000000e1600000,0x00000000e2300000)
 ParOldGen       total 70144K, used 21957K [0x0000000081800000, 0x0000000085c80000, 0x00000000d5d80000)
  object space 70144K, 31% used [0x0000000081800000,0x0000000082d71780,0x0000000085c80000)
 Metaspace       used 34860K, capacity 35212K, committed 35496K, reserved 1081344K
  class space    used 4415K, capacity 4517K, committed 4608K, reserved 1048576K
}

