# JRE version: Java(TM) SE Runtime Environment (8.0_221-b11) (build 1.8.0_221-b11)
# Java VM: Java HotSpot(TM) 64-Bit Server VM (25.221-b11 mixed mode windows-amd64 compressed oops)
Heap:
 PSYoungGen      total 96768K, used 12747K [0x00000000d5d80000, 0x00000000dc780000, 0x0000000100000000)
  eden space 85504K, 1% used [0x00000000d5d80000,0x00000000d5ef3028,0x00000000db100000)
  from space 11264K, 99% used [0x00000000db100000,0x00000000dbbfffb8,0x00000000dbc00000)
  to   space 11776K, 0% used [0x00000000dbc00000,0x00000000dbc00000,0x00000000dc780000)
 ParOldGen       total 69120K, used 22637K [0x0000000081800000, 0x0000000085b80000, 0x00000000d5d80000)
  object space 69120K, 32% used [0x0000000081800000,0x0000000082e1b540,0x0000000085b80000)
 Metaspace       used 45085K, capacity 45524K, committed 45952K, reserved 1089536K
  class space    used 5819K, capacity 5967K, committed 6016K, reserved 1048576K
GC Heap History (10 events):
Event: 5.199 GC heap before
{Heap before GC invocations=10 (full 1):
 PSYoungGen      total 97280K, used 91894K [0x00000000d5d80000, 0x00000000dc780000, 0x0000000100000000)
  eden space 85504K, 100% used [0x00000000d5d80000,0x00000000db100000,0x00000000db100000)
  from space 11776K, 54% used [0x00000000dbc00000,0x00000000dc23da80,0x00000000dc780000)
  to   space 11264K, 0% used [0x00000000db100000,0x00000000db100000,0x00000000dbc00000)
 ParOldGen       total 69120K, used 11388K [0x0000000081800000, 0x0000000085b80000, 0x00000000d5d80000)
  object space 69120K, 16% used [0x0000000081800000,0x000000008231f1a0,0x0000000085b80000)
 Metaspace       used 25701K, capacity 26052K, committed 26368K, reserved 1073152K
  class space    used 3187K, capacity 3289K, committed 3328K, reserved 1048576K
Event: 5.221 GC heap after
Heap after GC invocations=10 (full 1):
 PSYoungGen      total 96768K, used 7493K [0x00000000d5d80000, 0x00000000dc780000, 0x0000000100000000)
  eden space 85504K, 0% used [0x00000000d5d80000,0x00000000d5d80000,0x00000000db100000)
  from space 11264K, 66% used [0x00000000db100000,0x00000000db851658,0x00000000dbc00000)
  to   space 11776K, 0% used [0x00000000dbc00000,0x00000000dbc00000,0x00000000dc780000)
 ParOldGen       total 69120K, used 11396K [0x0000000081800000, 0x0000000085b80000, 0x00000000d5d80000)
  object space 69120K, 16% used [0x0000000081800000,0x00000000823211a0,0x0000000085b80000)
 Metaspace       used 25701K, capacity 26052K, committed 26368K, reserved 1073152K
  class space    used 3187K, capacity 3289K, committed 3328K, reserved 1048576K
}
Event: 6.517 GC heap before
{Heap before GC invocations=11 (full 1):
 PSYoungGen      total 96768K, used 92997K [0x00000000d5d80000, 0x00000000dc780000, 0x0000000100000000)
  eden space 85504K, 100% used [0x00000000d5d80000,0x00000000db100000,0x00000000db100000)
  from space 11264K, 66% used [0x00000000db100000,0x00000000db851658,0x00000000dbc00000)
  to   space 11776K, 0% used [0x00000000dbc00000,0x00000000dbc00000,0x00000000dc780000)
 ParOldGen       total 69120K, used 11396K [0x0000000081800000, 0x0000000085b80000, 0x00000000d5d80000)
  object space 69120K, 16% used [0x0000000081800000,0x00000000823211a0,0x0000000085b80000)
 Metaspace       used 29350K, capacity 29780K, committed 29952K, reserved 1075200K
  class space    used 3684K, capacity 3777K, committed 3840K, reserved 1048576K
Event: 6.531 GC heap after
Heap after GC invocations=11 (full 1):
 PSYoungGen      total 97280K, used 9352K [0x00000000d5d80000, 0x00000000dc780000, 0x0000000100000000)
  eden space 85504K, 0% used [0x00000000d5d80000,0x00000000d5d80000,0x00000000db100000)
  from space 11776K, 79% used [0x00000000dbc00000,0x00000000dc522150,0x00000000dc780000)
  to   space 11264K, 0% used [0x00000000db100000,0x00000000db100000,0x00000000dbc00000)
 ParOldGen       total 69120K, used 11404K [0x0000000081800000, 0x0000000085b80000, 0x00000000d5d80000)
  object space 69120K, 16% used [0x0000000081800000,0x00000000823231a0,0x0000000085b80000)
 Metaspace       used 29350K, capacity 29780K, committed 29952K, reserved 1075200K
  class space    used 3684K, capacity 3777K, committed 3840K, reserved 1048576K
}
Event: 7.164 GC heap before
{Heap before GC invocations=12 (full 1):
 PSYoungGen      total 97280K, used 94856K [0x00000000d5d80000, 0x00000000dc780000, 0x0000000100000000)
  eden space 85504K, 100% used [0x00000000d5d80000,0x00000000db100000,0x00000000db100000)
  from space 11776K, 79% used [0x00000000dbc00000,0x00000000dc522150,0x00000000dc780000)
  to   space 11264K, 0% used [0x00000000db100000,0x00000000db100000,0x00000000dbc00000)
 ParOldGen       total 69120K, used 11404K [0x0000000081800000, 0x0000000085b80000, 0x00000000d5d80000)
  object space 69120K, 16% used [0x0000000081800000,0x00000000823231a0,0x0000000085b80000)
 Metaspace       used 31752K, capacity 32166K, committed 32512K, reserved 1077248K
  class space    used 3953K, capacity 4036K, committed 4096K, reserved 1048576K
Event: 7.185 GC heap after
Heap after GC invocations=12 (full 1):
 PSYoungGen      total 96768K, used 9950K [0x00000000d5d80000, 0x00000000dc780000, 0x0000000100000000)
  eden space 85504K, 0% used [0x00000000d5d80000,0x00000000d5d80000,0x00000000db100000)
  from space 11264K, 88% used [0x00000000db100000,0x00000000dbab7b38,0x00000000dbc00000)
  to   space 11776K, 0% used [0x00000000dbc00000,0x00000000dbc00000,0x00000000dc780000)
 ParOldGen       total 69120K, used 11412K [0x0000000081800000, 0x0000000085b80000, 0x00000000d5d80000)
  object space 69120K, 16% used [0x0000000081800000,0x00000000823251a0,0x0000000085b80000)
 Metaspace       used 31752K, capacity 32166K, committed 32512K, reserved 1077248K
  class space    used 3953K, capacity 4036K, committed 4096K, reserved 1048576K
}
Event: 7.911 GC heap before
{Heap before GC invocations=13 (full 1):
 PSYoungGen      total 96768K, used 62398K [0x00000000d5d80000, 0x00000000dc780000, 0x0000000100000000)
  eden space 85504K, 61% used [0x00000000d5d80000,0x00000000d90b7d38,0x00000000db100000)
  from space 11264K, 88% used [0x00000000db100000,0x00000000dbab7b38,0x00000000dbc00000)
  to   space 11776K, 0% used [0x00000000dbc00000,0x00000000dbc00000,0x00000000dc780000)
 ParOldGen       total 69120K, used 11412K [0x0000000081800000, 0x0000000085b80000, 0x00000000d5d80000)
  object space 69120K, 16% used [0x0000000081800000,0x00000000823251a0,0x0000000085b80000)
 Metaspace       used 34798K, capacity 35218K, committed 35496K, reserved 1081344K
  class space    used 4410K, capacity 4518K, committed 4608K, reserved 1048576K
Event: 7.924 GC heap after
Heap after GC invocations=13 (full 1):
 PSYoungGen      total 97280K, used 11747K [0x00000000d5d80000, 0x00000000dc780000, 0x0000000100000000)
  eden space 85504K, 0% used [0x00000000d5d80000,0x00000000d5d80000,0x00000000db100000)
  from space 11776K, 99% used [0x00000000dbc00000,0x00000000dc778df8,0x00000000dc780000)
  to   space 11264K, 0% used [0x00000000db100000,0x00000000db100000,0x00000000dbc00000)
 ParOldGen       total 69120K, used 12240K [0x0000000081800000, 0x0000000085b80000, 0x00000000d5d80000)
  object space 69120K, 17% used [0x0000000081800000,0x00000000823f4000,0x0000000085b80000)
 Metaspace       used 34798K, capacity 35218K, committed 35496K, reserved 1081344K
  class space    used 4410K, capacity 4518K, committed 4608K, reserved 1048576K
}
Event: 7.924 GC heap before
{Heap before GC invocations=14 (full 2):
 PSYoungGen      total 97280K, used 11747K [0x00000000d5d80000, 0x00000000dc780000, 0x0000000100000000)
  eden space 85504K, 0% used [0x00000000d5d80000,0x00000000d5d80000,0x00000000db100000)
  from space 11776K, 99% used [0x00000000dbc00000,0x00000000dc778df8,0x00000000dc780000)
  to   space 11264K, 0% used [0x00000000db100000,0x00000000db100000,0x00000000dbc00000)
 ParOldGen       total 69120K, used 12240K [0x0000000081800000, 0x0000000085b80000, 0x00000000d5d80000)
  object space 69120K, 17% used [0x0000000081800000,0x00000000823f4000,0x0000000085b80000)
 Metaspace       used 34798K, capacity 35218K, committed 35496K, reserved 1081344K
  class space    used 4410K, capacity 4518K, committed 4608K, reserved 1048576K
Event: 8.028 GC heap after
Heap after GC invocations=14 (full 2):
 PSYoungGen      total 97280K, used 0K [0x00000000d5d80000, 0x00000000dc780000, 0x0000000100000000)
  eden space 85504K, 0% used [0x00000000d5d80000,0x00000000d5d80000,0x00000000db100000)
  from space 11776K, 0% used [0x00000000dbc00000,0x00000000dbc00000,0x00000000dc780000)
  to   space 11264K, 0% used [0x00000000db100000,0x00000000db100000,0x00000000dbc00000)
 ParOldGen       total 69120K, used 22170K [0x0000000081800000, 0x0000000085b80000, 0x00000000d5d80000)
  object space 69120K, 32% used [0x0000000081800000,0x0000000082da68b8,0x0000000085b80000)
 Metaspace       used 34798K, capacity 35218K, committed 35496K, reserved 1081344K
  class space    used 4410K, capacity 4518K, committed 4608K, reserved 1048576K
}

