# JRE version: Java(TM) SE Runtime Environment (8.0_221-b11) (build 1.8.0_221-b11)
# Java VM: Java HotSpot(TM) 64-Bit Server VM (25.221-b11 mixed mode windows-amd64 compressed oops)
Heap:
 PSYoungGen      total 91648K, used 65400K [0x00000000d5d80000, 0x00000000dc200000, 0x0000000100000000)
  eden space 79872K, 73% used [0x00000000d5d80000,0x00000000d96bb238,0x00000000dab80000)
  from space 11776K, 57% used [0x00000000db680000,0x00000000dbd23050,0x00000000dc200000)
  to   space 11264K, 0% used [0x00000000dab80000,0x00000000dab80000,0x00000000db680000)
 ParOldGen       total 70144K, used 11087K [0x0000000081800000, 0x0000000085c80000, 0x00000000d5d80000)
  object space 70144K, 15% used [0x0000000081800000,0x00000000822d3cf8,0x0000000085c80000)
 Metaspace       used 24065K, capacity 24428K, committed 24704K, reserved 1071104K
  class space    used 3004K, capacity 3093K, committed 3200K, reserved 1048576K
GC Heap History (10 events):
Event: 2.457 GC heap before
{Heap before GC invocations=5 (full 0):
 PSYoungGen      total 71680K, used 40971K [0x00000000d5d80000, 0x00000000da880000, 0x0000000100000000)
  eden space 66560K, 53% used [0x00000000d5d80000,0x00000000d8087f80,0x00000000d9e80000)
  from space 5120K, 99% used [0x00000000da380000,0x00000000da87ae80,0x00000000da880000)
  to   space 5120K, 0% used [0x00000000d9e80000,0x00000000d9e80000,0x00000000da380000)
 ParOldGen       total 87552K, used 8229K [0x0000000081800000, 0x0000000086d80000, 0x00000000d5d80000)
  object space 87552K, 9% used [0x0000000081800000,0x0000000082009640,0x0000000086d80000)
 Metaspace       used 20899K, capacity 21154K, committed 21296K, reserved 1069056K
  class space    used 2558K, capacity 2633K, committed 2688K, reserved 1048576K
Event: 2.473 GC heap after
Heap after GC invocations=5 (full 0):
 PSYoungGen      total 71680K, used 5112K [0x00000000d5d80000, 0x00000000da880000, 0x0000000100000000)
  eden space 66560K, 0% used [0x00000000d5d80000,0x00000000d5d80000,0x00000000d9e80000)
  from space 5120K, 99% used [0x00000000d9e80000,0x00000000da37e320,0x00000000da380000)
  to   space 5120K, 0% used [0x00000000da380000,0x00000000da380000,0x00000000da880000)
 ParOldGen       total 87552K, used 10892K [0x0000000081800000, 0x0000000086d80000, 0x00000000d5d80000)
  object space 87552K, 12% used [0x0000000081800000,0x00000000822a3240,0x0000000086d80000)
 Metaspace       used 20899K, capacity 21154K, committed 21296K, reserved 1069056K
  class space    used 2558K, capacity 2633K, committed 2688K, reserved 1048576K
}
Event: 2.473 GC heap before
{Heap before GC invocations=6 (full 1):
 PSYoungGen      total 71680K, used 5112K [0x00000000d5d80000, 0x00000000da880000, 0x0000000100000000)
  eden space 66560K, 0% used [0x00000000d5d80000,0x00000000d5d80000,0x00000000d9e80000)
  from space 5120K, 99% used [0x00000000d9e80000,0x00000000da37e320,0x00000000da380000)
  to   space 5120K, 0% used [0x00000000da380000,0x00000000da380000,0x00000000da880000)
 ParOldGen       total 87552K, used 10892K [0x0000000081800000, 0x0000000086d80000, 0x00000000d5d80000)
  object space 87552K, 12% used [0x0000000081800000,0x00000000822a3240,0x0000000086d80000)
 Metaspace       used 20899K, capacity 21154K, committed 21296K, reserved 1069056K
  class space    used 2558K, capacity 2633K, committed 2688K, reserved 1048576K
Event: 2.540 GC heap after
Heap after GC invocations=6 (full 1):
 PSYoungGen      total 71680K, used 0K [0x00000000d5d80000, 0x00000000da880000, 0x0000000100000000)
  eden space 66560K, 0% used [0x00000000d5d80000,0x00000000d5d80000,0x00000000d9e80000)
  from space 5120K, 0% used [0x00000000d9e80000,0x00000000d9e80000,0x00000000da380000)
  to   space 5120K, 0% used [0x00000000da380000,0x00000000da380000,0x00000000da880000)
 ParOldGen       total 70144K, used 11079K [0x0000000081800000, 0x0000000085c80000, 0x00000000d5d80000)
  object space 70144K, 15% used [0x0000000081800000,0x00000000822d1cf8,0x0000000085c80000)
 Metaspace       used 20899K, capacity 21154K, committed 21296K, reserved 1069056K
  class space    used 2558K, capacity 2633K, committed 2688K, reserved 1048576K
}
Event: 3.368 GC heap before
{Heap before GC invocations=7 (full 1):
 PSYoungGen      total 71680K, used 66560K [0x00000000d5d80000, 0x00000000da880000, 0x0000000100000000)
  eden space 66560K, 100% used [0x00000000d5d80000,0x00000000d9e80000,0x00000000d9e80000)
  from space 5120K, 0% used [0x00000000d9e80000,0x00000000d9e80000,0x00000000da380000)
  to   space 5120K, 0% used [0x00000000da380000,0x00000000da380000,0x00000000da880000)
 ParOldGen       total 70144K, used 11079K [0x0000000081800000, 0x0000000085c80000, 0x00000000d5d80000)
  object space 70144K, 15% used [0x0000000081800000,0x00000000822d1cf8,0x0000000085c80000)
 Metaspace       used 21661K, capacity 21986K, committed 22192K, reserved 1069056K
  class space    used 2645K, capacity 2734K, committed 2816K, reserved 1048576K
Event: 3.373 GC heap after
Heap after GC invocations=7 (full 1):
 PSYoungGen      total 64512K, used 1955K [0x00000000d5d80000, 0x00000000dce00000, 0x0000000100000000)
  eden space 59392K, 0% used [0x00000000d5d80000,0x00000000d5d80000,0x00000000d9780000)
  from space 5120K, 38% used [0x00000000da380000,0x00000000da568dd8,0x00000000da880000)
  to   space 12288K, 0% used [0x00000000d9780000,0x00000000d9780000,0x00000000da380000)
 ParOldGen       total 70144K, used 11079K [0x0000000081800000, 0x0000000085c80000, 0x00000000d5d80000)
  object space 70144K, 15% used [0x0000000081800000,0x00000000822d1cf8,0x0000000085c80000)
 Metaspace       used 21661K, capacity 21986K, committed 22192K, reserved 1069056K
  class space    used 2645K, capacity 2734K, committed 2816K, reserved 1048576K
}
Event: 4.164 GC heap before
{Heap before GC invocations=8 (full 1):
 PSYoungGen      total 64512K, used 61347K [0x00000000d5d80000, 0x00000000dce00000, 0x0000000100000000)
  eden space 59392K, 100% used [0x00000000d5d80000,0x00000000d9780000,0x00000000d9780000)
  from space 5120K, 38% used [0x00000000da380000,0x00000000da568dd8,0x00000000da880000)
  to   space 12288K, 0% used [0x00000000d9780000,0x00000000d9780000,0x00000000da380000)
 ParOldGen       total 70144K, used 11079K [0x0000000081800000, 0x0000000085c80000, 0x00000000d5d80000)
  object space 70144K, 15% used [0x0000000081800000,0x00000000822d1cf8,0x0000000085c80000)
 Metaspace       used 22053K, capacity 22338K, committed 22448K, reserved 1069056K
  class space    used 2695K, capacity 2766K, committed 2816K, reserved 1048576K
Event: 4.170 GC heap after
Heap after GC invocations=8 (full 1):
 PSYoungGen      total 71680K, used 4350K [0x00000000d5d80000, 0x00000000dc200000, 0x0000000100000000)
  eden space 59392K, 0% used [0x00000000d5d80000,0x00000000d5d80000,0x00000000d9780000)
  from space 12288K, 35% used [0x00000000d9780000,0x00000000d9bbfb40,0x00000000da380000)
  to   space 11776K, 0% used [0x00000000db680000,0x00000000db680000,0x00000000dc200000)
 ParOldGen       total 70144K, used 11079K [0x0000000081800000, 0x0000000085c80000, 0x00000000d5d80000)
  object space 70144K, 15% used [0x0000000081800000,0x00000000822d1cf8,0x0000000085c80000)
 Metaspace       used 22053K, capacity 22338K, committed 22448K, reserved 1069056K
  class space    used 2695K, capacity 2766K, committed 2816K, reserved 1048576K
}
Event: 4.828 GC heap before
{Heap before GC invocations=9 (full 1):
 PSYoungGen      total 71680K, used 63742K [0x00000000d5d80000, 0x00000000dc200000, 0x0000000100000000)
  eden space 59392K, 100% used [0x00000000d5d80000,0x00000000d9780000,0x00000000d9780000)
  from space 12288K, 35% used [0x00000000d9780000,0x00000000d9bbfb40,0x00000000da380000)
  to   space 11776K, 0% used [0x00000000db680000,0x00000000db680000,0x00000000dc200000)
 ParOldGen       total 70144K, used 11079K [0x0000000081800000, 0x0000000085c80000, 0x00000000d5d80000)
  object space 70144K, 15% used [0x0000000081800000,0x00000000822d1cf8,0x0000000085c80000)
 Metaspace       used 22224K, capacity 22498K, committed 22704K, reserved 1069056K
  class space    used 2730K, capacity 2798K, committed 2816K, reserved 1048576K
Event: 4.840 GC heap after
Heap after GC invocations=9 (full 1):
 PSYoungGen      total 91648K, used 6796K [0x00000000d5d80000, 0x00000000dc200000, 0x0000000100000000)
  eden space 79872K, 0% used [0x00000000d5d80000,0x00000000d5d80000,0x00000000dab80000)
  from space 11776K, 57% used [0x00000000db680000,0x00000000dbd23050,0x00000000dc200000)
  to   space 11264K, 0% used [0x00000000dab80000,0x00000000dab80000,0x00000000db680000)
 ParOldGen       total 70144K, used 11087K [0x0000000081800000, 0x0000000085c80000, 0x00000000d5d80000)
  object space 70144K, 15% used [0x0000000081800000,0x00000000822d3cf8,0x0000000085c80000)
 Metaspace       used 22224K, capacity 22498K, committed 22704K, reserved 1069056K
  class space    used 2730K, capacity 2798K, committed 2816K, reserved 1048576K
}

