# JRE version: Java(TM) SE Runtime Environment (8.0_211-b12) (build 1.8.0_211-b12)
# Java VM: Java HotSpot(TM) 64-Bit Server VM (25.211-b12 mixed mode windows-amd64 compressed oops)
Heap:
 PSYoungGen      total 111104K, used 27855K [0x00000000d5d80000, 0x00000000dd600000, 0x0000000100000000)
  eden space 98816K, 17% used [0x00000000d5d80000,0x00000000d6e1a868,0x00000000dbe00000)
  from space 12288K, 88% used [0x00000000dbe00000,0x00000000dc8993d0,0x00000000dca00000)
  to   space 11264K, 0% used [0x00000000dca00000,0x00000000dca00000,0x00000000dd500000)
 ParOldGen       total 70656K, used 11394K [0x0000000081800000, 0x0000000085d00000, 0x00000000d5d80000)
  object space 70656K, 16% used [0x0000000081800000,0x0000000082320840,0x0000000085d00000)
 Metaspace       used 34078K, capacity 34476K, committed 34688K, reserved 1079296K
  class space    used 4299K, capacity 4421K, committed 4480K, reserved 1048576K
GC Heap History (10 events):
Event: 3.171 GC heap before
{Heap before GC invocations=8 (full 1):
 PSYoungGen      total 64512K, used 61632K [0x00000000d5d80000, 0x00000000dcf00000, 0x0000000100000000)
  eden space 59392K, 100% used [0x00000000d5d80000,0x00000000d9780000,0x00000000d9780000)
  from space 5120K, 43% used [0x00000000da380000,0x00000000da5b0308,0x00000000da880000)
  to   space 12288K, 0% used [0x00000000d9780000,0x00000000d9780000,0x00000000da380000)
 ParOldGen       total 70656K, used 11362K [0x0000000081800000, 0x0000000085d00000, 0x00000000d5d80000)
  object space 70656K, 16% used [0x0000000081800000,0x0000000082318840,0x0000000085d00000)
 Metaspace       used 22029K, capacity 22360K, committed 22448K, reserved 1069056K
  class space    used 2709K, capacity 2796K, committed 2816K, reserved 1048576K
Event: 3.182 GC heap after
Heap after GC invocations=8 (full 1):
 PSYoungGen      total 71680K, used 6787K [0x00000000d5d80000, 0x00000000dc600000, 0x0000000100000000)
  eden space 59392K, 0% used [0x00000000d5d80000,0x00000000d5d80000,0x00000000d9780000)
  from space 12288K, 55% used [0x00000000d9780000,0x00000000d9e20e08,0x00000000da380000)
  to   space 11776K, 0% used [0x00000000dba80000,0x00000000dba80000,0x00000000dc600000)
 ParOldGen       total 70656K, used 11362K [0x0000000081800000, 0x0000000085d00000, 0x00000000d5d80000)
  object space 70656K, 16% used [0x0000000081800000,0x0000000082318840,0x0000000085d00000)
 Metaspace       used 22029K, capacity 22360K, committed 22448K, reserved 1069056K
  class space    used 2709K, capacity 2796K, committed 2816K, reserved 1048576K
}
Event: 3.749 GC heap before
{Heap before GC invocations=9 (full 1):
 PSYoungGen      total 71680K, used 66179K [0x00000000d5d80000, 0x00000000dc600000, 0x0000000100000000)
  eden space 59392K, 100% used [0x00000000d5d80000,0x00000000d9780000,0x00000000d9780000)
  from space 12288K, 55% used [0x00000000d9780000,0x00000000d9e20e08,0x00000000da380000)
  to   space 11776K, 0% used [0x00000000dba80000,0x00000000dba80000,0x00000000dc600000)
 ParOldGen       total 70656K, used 11362K [0x0000000081800000, 0x0000000085d00000, 0x00000000d5d80000)
  object space 70656K, 16% used [0x0000000081800000,0x0000000082318840,0x0000000085d00000)
 Metaspace       used 23085K, capacity 23414K, committed 23680K, reserved 1071104K
  class space    used 2853K, capacity 2929K, committed 2944K, reserved 1048576K
Event: 3.756 GC heap after
Heap after GC invocations=9 (full 1):
 PSYoungGen      total 91136K, used 5457K [0x00000000d5d80000, 0x00000000dc380000, 0x0000000100000000)
  eden space 81920K, 0% used [0x00000000d5d80000,0x00000000d5d80000,0x00000000dad80000)
  from space 9216K, 59% used [0x00000000dba80000,0x00000000dbfd46b0,0x00000000dc380000)
  to   space 11264K, 0% used [0x00000000dad80000,0x00000000dad80000,0x00000000db880000)
 ParOldGen       total 70656K, used 11370K [0x0000000081800000, 0x0000000085d00000, 0x00000000d5d80000)
  object space 70656K, 16% used [0x0000000081800000,0x000000008231a840,0x0000000085d00000)
 Metaspace       used 23085K, capacity 23414K, committed 23680K, reserved 1071104K
  class space    used 2853K, capacity 2929K, committed 2944K, reserved 1048576K
}
Event: 4.818 GC heap before
{Heap before GC invocations=10 (full 1):
 PSYoungGen      total 91136K, used 87377K [0x00000000d5d80000, 0x00000000dc380000, 0x0000000100000000)
  eden space 81920K, 100% used [0x00000000d5d80000,0x00000000dad80000,0x00000000dad80000)
  from space 9216K, 59% used [0x00000000dba80000,0x00000000dbfd46b0,0x00000000dc380000)
  to   space 11264K, 0% used [0x00000000dad80000,0x00000000dad80000,0x00000000db880000)
 ParOldGen       total 70656K, used 11370K [0x0000000081800000, 0x0000000085d00000, 0x00000000d5d80000)
  object space 70656K, 16% used [0x0000000081800000,0x000000008231a840,0x0000000085d00000)
 Metaspace       used 26196K, capacity 26574K, committed 26752K, reserved 1073152K
  class space    used 3279K, capacity 3392K, committed 3456K, reserved 1048576K
Event: 4.830 GC heap after
Heap after GC invocations=10 (full 1):
 PSYoungGen      total 93184K, used 7480K [0x00000000d5d80000, 0x00000000dd500000, 0x0000000100000000)
  eden space 81920K, 0% used [0x00000000d5d80000,0x00000000d5d80000,0x00000000dad80000)
  from space 11264K, 66% used [0x00000000dad80000,0x00000000db4ce220,0x00000000db880000)
  to   space 11264K, 0% used [0x00000000dca00000,0x00000000dca00000,0x00000000dd500000)
 ParOldGen       total 70656K, used 11378K [0x0000000081800000, 0x0000000085d00000, 0x00000000d5d80000)
  object space 70656K, 16% used [0x0000000081800000,0x000000008231c840,0x0000000085d00000)
 Metaspace       used 26196K, capacity 26574K, committed 26752K, reserved 1073152K
  class space    used 3279K, capacity 3392K, committed 3456K, reserved 1048576K
}
Event: 5.827 GC heap before
{Heap before GC invocations=11 (full 1):
 PSYoungGen      total 93184K, used 89400K [0x00000000d5d80000, 0x00000000dd500000, 0x0000000100000000)
  eden space 81920K, 100% used [0x00000000d5d80000,0x00000000dad80000,0x00000000dad80000)
  from space 11264K, 66% used [0x00000000dad80000,0x00000000db4ce220,0x00000000db880000)
  to   space 11264K, 0% used [0x00000000dca00000,0x00000000dca00000,0x00000000dd500000)
 ParOldGen       total 70656K, used 11378K [0x0000000081800000, 0x0000000085d00000, 0x00000000d5d80000)
  object space 70656K, 16% used [0x0000000081800000,0x000000008231c840,0x0000000085d00000)
 Metaspace       used 30583K, capacity 30964K, committed 31104K, reserved 1077248K
  class space    used 3815K, capacity 3937K, committed 3968K, reserved 1048576K
Event: 5.838 GC heap after
Heap after GC invocations=11 (full 1):
 PSYoungGen      total 110080K, used 10018K [0x00000000d5d80000, 0x00000000dd600000, 0x0000000100000000)
  eden space 98816K, 0% used [0x00000000d5d80000,0x00000000d5d80000,0x00000000dbe00000)
  from space 11264K, 88% used [0x00000000dca00000,0x00000000dd3c8930,0x00000000dd500000)
  to   space 12288K, 0% used [0x00000000dbe00000,0x00000000dbe00000,0x00000000dca00000)
 ParOldGen       total 70656K, used 11386K [0x0000000081800000, 0x0000000085d00000, 0x00000000d5d80000)
  object space 70656K, 16% used [0x0000000081800000,0x000000008231e840,0x0000000085d00000)
 Metaspace       used 30583K, capacity 30964K, committed 31104K, reserved 1077248K
  class space    used 3815K, capacity 3937K, committed 3968K, reserved 1048576K
}
Event: 6.690 GC heap before
{Heap before GC invocations=12 (full 1):
 PSYoungGen      total 110080K, used 108834K [0x00000000d5d80000, 0x00000000dd600000, 0x0000000100000000)
  eden space 98816K, 100% used [0x00000000d5d80000,0x00000000dbe00000,0x00000000dbe00000)
  from space 11264K, 88% used [0x00000000dca00000,0x00000000dd3c8930,0x00000000dd500000)
  to   space 12288K, 0% used [0x00000000dbe00000,0x00000000dbe00000,0x00000000dca00000)
 ParOldGen       total 70656K, used 11386K [0x0000000081800000, 0x0000000085d00000, 0x00000000d5d80000)
  object space 70656K, 16% used [0x0000000081800000,0x000000008231e840,0x0000000085d00000)
 Metaspace       used 32210K, capacity 32556K, committed 32896K, reserved 1077248K
  class space    used 4004K, capacity 4101K, committed 4224K, reserved 1048576K
Event: 6.714 GC heap after
Heap after GC invocations=12 (full 1):
 PSYoungGen      total 111104K, used 10852K [0x00000000d5d80000, 0x00000000dd600000, 0x0000000100000000)
  eden space 98816K, 0% used [0x00000000d5d80000,0x00000000d5d80000,0x00000000dbe00000)
  from space 12288K, 88% used [0x00000000dbe00000,0x00000000dc8993d0,0x00000000dca00000)
  to   space 11264K, 0% used [0x00000000dca00000,0x00000000dca00000,0x00000000dd500000)
 ParOldGen       total 70656K, used 11394K [0x0000000081800000, 0x0000000085d00000, 0x00000000d5d80000)
  object space 70656K, 16% used [0x0000000081800000,0x0000000082320840,0x0000000085d00000)
 Metaspace       used 32210K, capacity 32556K, committed 32896K, reserved 1077248K
  class space    used 4004K, capacity 4101K, committed 4224K, reserved 1048576K
}

