# JRE version: Java(TM) SE Runtime Environment (8.0_221-b11) (build 1.8.0_221-b11)
# Java VM: Java HotSpot(TM) 64-Bit Server VM (25.221-b11 mixed mode windows-amd64 compressed oops)
Heap:
 PSYoungGen      total 225792K, used 65699K [0x00000000d5d80000, 0x00000000e5000000, 0x0000000100000000)
  eden space 207360K, 23% used [0x00000000d5d80000,0x00000000d8ccc8b0,0x00000000e2800000)
  from space 18432K, 93% used [0x00000000e3c80000,0x00000000e4d5c400,0x00000000e4e80000)
  to   space 20480K, 0% used [0x00000000e2800000,0x00000000e2800000,0x00000000e3c00000)
 ParOldGen       total 109056K, used 25376K [0x0000000081800000, 0x0000000088280000, 0x00000000d5d80000)
  object space 109056K, 23% used [0x0000000081800000,0x00000000830c80d0,0x0000000088280000)
 Metaspace       used 55523K, capacity 56006K, committed 56448K, reserved 1097728K
  class space    used 7103K, capacity 7224K, committed 7296K, reserved 1048576K
GC Heap History (10 events):
Event: 6.302 GC heap before
{Heap before GC invocations=10 (full 1):
 PSYoungGen      total 148480K, used 144838K [0x00000000d5d80000, 0x00000000e1f80000, 0x0000000100000000)
  eden space 136192K, 100% used [0x00000000d5d80000,0x00000000de280000,0x00000000de280000)
  from space 12288K, 70% used [0x00000000def00000,0x00000000df7718d0,0x00000000dfb00000)
  to   space 12800K, 0% used [0x00000000de280000,0x00000000de280000,0x00000000def00000)
 ParOldGen       total 68608K, used 11408K [0x0000000081800000, 0x0000000085b00000, 0x00000000d5d80000)
  object space 68608K, 16% used [0x0000000081800000,0x0000000082324128,0x0000000085b00000)
 Metaspace       used 31200K, capacity 31572K, committed 32000K, reserved 1077248K
  class space    used 3881K, capacity 3969K, committed 4096K, reserved 1048576K
Event: 6.320 GC heap after
Heap after GC invocations=10 (full 1):
 PSYoungGen      total 148992K, used 11023K [0x00000000d5d80000, 0x00000000e1f00000, 0x0000000100000000)
  eden space 136192K, 0% used [0x00000000d5d80000,0x00000000d5d80000,0x00000000de280000)
  from space 12800K, 86% used [0x00000000de280000,0x00000000ded43e48,0x00000000def00000)
  to   space 13824K, 0% used [0x00000000e1180000,0x00000000e1180000,0x00000000e1f00000)
 ParOldGen       total 68608K, used 11416K [0x0000000081800000, 0x0000000085b00000, 0x00000000d5d80000)
  object space 68608K, 16% used [0x0000000081800000,0x0000000082326128,0x0000000085b00000)
 Metaspace       used 31200K, capacity 31572K, committed 32000K, reserved 1077248K
  class space    used 3881K, capacity 3969K, committed 4096K, reserved 1048576K
}
Event: 7.212 GC heap before
{Heap before GC invocations=11 (full 1):
 PSYoungGen      total 148992K, used 85195K [0x00000000d5d80000, 0x00000000e1f00000, 0x0000000100000000)
  eden space 136192K, 54% used [0x00000000d5d80000,0x00000000da5eef28,0x00000000de280000)
  from space 12800K, 86% used [0x00000000de280000,0x00000000ded43e48,0x00000000def00000)
  to   space 13824K, 0% used [0x00000000e1180000,0x00000000e1180000,0x00000000e1f00000)
 ParOldGen       total 68608K, used 11416K [0x0000000081800000, 0x0000000085b00000, 0x00000000d5d80000)
  object space 68608K, 16% used [0x0000000081800000,0x0000000082326128,0x0000000085b00000)
 Metaspace       used 34847K, capacity 35218K, committed 35496K, reserved 1081344K
  class space    used 4417K, capacity 4518K, committed 4608K, reserved 1048576K
Event: 7.233 GC heap after
Heap after GC invocations=11 (full 1):
 PSYoungGen      total 182784K, used 13052K [0x00000000d5d80000, 0x00000000e2500000, 0x0000000100000000)
  eden space 168960K, 0% used [0x00000000d5d80000,0x00000000d5d80000,0x00000000e0280000)
  from space 13824K, 94% used [0x00000000e1180000,0x00000000e1e3f108,0x00000000e1f00000)
  to   space 15360K, 0% used [0x00000000e0280000,0x00000000e0280000,0x00000000e1180000)
 ParOldGen       total 68608K, used 11424K [0x0000000081800000, 0x0000000085b00000, 0x00000000d5d80000)
  object space 68608K, 16% used [0x0000000081800000,0x0000000082328128,0x0000000085b00000)
 Metaspace       used 34847K, capacity 35218K, committed 35496K, reserved 1081344K
  class space    used 4417K, capacity 4518K, committed 4608K, reserved 1048576K
}
Event: 7.233 GC heap before
{Heap before GC invocations=12 (full 2):
 PSYoungGen      total 182784K, used 13052K [0x00000000d5d80000, 0x00000000e2500000, 0x0000000100000000)
  eden space 168960K, 0% used [0x00000000d5d80000,0x00000000d5d80000,0x00000000e0280000)
  from space 13824K, 94% used [0x00000000e1180000,0x00000000e1e3f108,0x00000000e1f00000)
  to   space 15360K, 0% used [0x00000000e0280000,0x00000000e0280000,0x00000000e1180000)
 ParOldGen       total 68608K, used 11424K [0x0000000081800000, 0x0000000085b00000, 0x00000000d5d80000)
  object space 68608K, 16% used [0x0000000081800000,0x0000000082328128,0x0000000085b00000)
 Metaspace       used 34847K, capacity 35218K, committed 35496K, reserved 1081344K
  class space    used 4417K, capacity 4518K, committed 4608K, reserved 1048576K
Event: 7.359 GC heap after
Heap after GC invocations=12 (full 2):
 PSYoungGen      total 182784K, used 0K [0x00000000d5d80000, 0x00000000e2500000, 0x0000000100000000)
  eden space 168960K, 0% used [0x00000000d5d80000,0x00000000d5d80000,0x00000000e0280000)
  from space 13824K, 0% used [0x00000000e1180000,0x00000000e1180000,0x00000000e1f00000)
  to   space 15360K, 0% used [0x00000000e0280000,0x00000000e0280000,0x00000000e1180000)
 ParOldGen       total 109056K, used 22600K [0x0000000081800000, 0x0000000088280000, 0x00000000d5d80000)
  object space 109056K, 20% used [0x0000000081800000,0x0000000082e122f8,0x0000000088280000)
 Metaspace       used 34847K, capacity 35218K, committed 35496K, reserved 1081344K
  class space    used 4417K, capacity 4518K, committed 4608K, reserved 1048576K
}
Event: 9.750 GC heap before
{Heap before GC invocations=13 (full 2):
 PSYoungGen      total 182784K, used 168960K [0x00000000d5d80000, 0x00000000e2500000, 0x0000000100000000)
  eden space 168960K, 100% used [0x00000000d5d80000,0x00000000e0280000,0x00000000e0280000)
  from space 13824K, 0% used [0x00000000e1180000,0x00000000e1180000,0x00000000e1f00000)
  to   space 15360K, 0% used [0x00000000e0280000,0x00000000e0280000,0x00000000e1180000)
 ParOldGen       total 109056K, used 22600K [0x0000000081800000, 0x0000000088280000, 0x00000000d5d80000)
  object space 109056K, 20% used [0x0000000081800000,0x0000000082e122f8,0x0000000088280000)
 Metaspace       used 48121K, capacity 48586K, committed 48896K, reserved 1091584K
  class space    used 6211K, capacity 6360K, committed 6400K, reserved 1048576K
Event: 9.774 GC heap after
Heap after GC invocations=13 (full 2):
 PSYoungGen      total 184320K, used 15338K [0x00000000d5d80000, 0x00000000e4e80000, 0x0000000100000000)
  eden space 168960K, 0% used [0x00000000d5d80000,0x00000000d5d80000,0x00000000e0280000)
  from space 15360K, 99% used [0x00000000e0280000,0x00000000e117a8b8,0x00000000e1180000)
  to   space 18432K, 0% used [0x00000000e3c80000,0x00000000e3c80000,0x00000000e4e80000)
 ParOldGen       total 109056K, used 25368K [0x0000000081800000, 0x0000000088280000, 0x00000000d5d80000)
  object space 109056K, 23% used [0x0000000081800000,0x00000000830c60d0,0x0000000088280000)
 Metaspace       used 48121K, capacity 48586K, committed 48896K, reserved 1091584K
  class space    used 6211K, capacity 6360K, committed 6400K, reserved 1048576K
}
Event: 11.814 GC heap before
{Heap before GC invocations=14 (full 2):
 PSYoungGen      total 184320K, used 184298K [0x00000000d5d80000, 0x00000000e4e80000, 0x0000000100000000)
  eden space 168960K, 100% used [0x00000000d5d80000,0x00000000e0280000,0x00000000e0280000)
  from space 15360K, 99% used [0x00000000e0280000,0x00000000e117a8b8,0x00000000e1180000)
  to   space 18432K, 0% used [0x00000000e3c80000,0x00000000e3c80000,0x00000000e4e80000)
 ParOldGen       total 109056K, used 25368K [0x0000000081800000, 0x0000000088280000, 0x00000000d5d80000)
  object space 109056K, 23% used [0x0000000081800000,0x00000000830c60d0,0x0000000088280000)
 Metaspace       used 52335K, capacity 52864K, committed 53248K, reserved 1095680K
  class space    used 6683K, capacity 6839K, committed 6912K, reserved 1048576K
Event: 11.832 GC heap after
Heap after GC invocations=14 (full 2):
 PSYoungGen      total 225792K, used 17265K [0x00000000d5d80000, 0x00000000e5000000, 0x0000000100000000)
  eden space 207360K, 0% used [0x00000000d5d80000,0x00000000d5d80000,0x00000000e2800000)
  from space 18432K, 93% used [0x00000000e3c80000,0x00000000e4d5c400,0x00000000e4e80000)
  to   space 20480K, 0% used [0x00000000e2800000,0x00000000e2800000,0x00000000e3c00000)
 ParOldGen       total 109056K, used 25376K [0x0000000081800000, 0x0000000088280000, 0x00000000d5d80000)
  object space 109056K, 23% used [0x0000000081800000,0x00000000830c80d0,0x0000000088280000)
 Metaspace       used 52335K, capacity 52864K, committed 53248K, reserved 1095680K
  class space    used 6683K, capacity 6839K, committed 6912K, reserved 1048576K
}

