# JRE version: Java(TM) SE Runtime Environment (8.0_221-b11) (build 1.8.0_221-b11)
# Java VM: Java HotSpot(TM) 64-Bit Server VM (25.221-b11 mixed mode windows-amd64 compressed oops)
Heap:
 PSYoungGen      total 316928K, used 18517K [0x00000000d5d80000, 0x00000000eb800000, 0x0000000100000000)
  eden space 315904K, 5% used [0x00000000d5d80000,0x00000000d6f955c8,0x00000000e9200000)
  from space 1024K, 0% used [0x00000000e9400000,0x00000000e9400000,0x00000000e9500000)
  to   space 19456K, 0% used [0x00000000ea500000,0x00000000ea500000,0x00000000eb800000)
 ParOldGen       total 87040K, used 25922K [0x0000000081800000, 0x0000000086d00000, 0x00000000d5d80000)
  object space 87040K, 29% used [0x0000000081800000,0x0000000083150a88,0x0000000086d00000)
 Metaspace       used 57493K, capacity 57994K, committed 58752K, reserved 1099776K
  class space    used 7220K, capacity 7353K, committed 7552K, reserved 1048576K
GC Heap History (10 events):
Event: 17.151 GC heap before
{Heap before GC invocations=12 (full 2):
 PSYoungGen      total 251392K, used 7767K [0x00000000d5d80000, 0x00000000e6900000, 0x0000000100000000)
  eden space 236032K, 0% used [0x00000000d5d80000,0x00000000d5d80000,0x00000000e4400000)
  from space 15360K, 50% used [0x00000000e5280000,0x00000000e5a15c80,0x00000000e6180000)
  to   space 14848K, 0% used [0x00000000e4400000,0x00000000e4400000,0x00000000e5280000)
 ParOldGen       total 60416K, used 17103K [0x0000000081800000, 0x0000000085300000, 0x00000000d5d80000)
  object space 60416K, 28% used [0x0000000081800000,0x00000000828b3f00,0x0000000085300000)
 Metaspace       used 34794K, capacity 35218K, committed 35496K, reserved 1081344K
  class space    used 4403K, capacity 4518K, committed 4608K, reserved 1048576K
Event: 17.316 GC heap after
Heap after GC invocations=12 (full 2):
 PSYoungGen      total 251392K, used 0K [0x00000000d5d80000, 0x00000000e6900000, 0x0000000100000000)
  eden space 236032K, 0% used [0x00000000d5d80000,0x00000000d5d80000,0x00000000e4400000)
  from space 15360K, 0% used [0x00000000e5280000,0x00000000e5280000,0x00000000e6180000)
  to   space 14848K, 0% used [0x00000000e4400000,0x00000000e4400000,0x00000000e5280000)
 ParOldGen       total 87040K, used 21879K [0x0000000081800000, 0x0000000086d00000, 0x00000000d5d80000)
  object space 87040K, 25% used [0x0000000081800000,0x0000000082d5dec8,0x0000000086d00000)
 Metaspace       used 34794K, capacity 35218K, committed 35496K, reserved 1081344K
  class space    used 4403K, capacity 4518K, committed 4608K, reserved 1048576K
}
Event: 23.449 GC heap before
{Heap before GC invocations=13 (full 2):
 PSYoungGen      total 251392K, used 236032K [0x00000000d5d80000, 0x00000000e6900000, 0x0000000100000000)
  eden space 236032K, 100% used [0x00000000d5d80000,0x00000000e4400000,0x00000000e4400000)
  from space 15360K, 0% used [0x00000000e5280000,0x00000000e5280000,0x00000000e6180000)
  to   space 14848K, 0% used [0x00000000e4400000,0x00000000e4400000,0x00000000e5280000)
 ParOldGen       total 87040K, used 21879K [0x0000000081800000, 0x0000000086d00000, 0x00000000d5d80000)
  object space 87040K, 25% used [0x0000000081800000,0x0000000082d5dec8,0x0000000086d00000)
 Metaspace       used 50492K, capacity 51010K, committed 51456K, reserved 1093632K
  class space    used 6433K, capacity 6569K, committed 6656K, reserved 1048576K
Event: 23.556 GC heap after
Heap after GC invocations=13 (full 2):
 PSYoungGen      total 250880K, used 14817K [0x00000000d5d80000, 0x00000000ec180000, 0x0000000100000000)
  eden space 236032K, 0% used [0x00000000d5d80000,0x00000000d5d80000,0x00000000e4400000)
  from space 14848K, 99% used [0x00000000e4400000,0x00000000e52786a0,0x00000000e5280000)
  to   space 19456K, 0% used [0x00000000eae80000,0x00000000eae80000,0x00000000ec180000)
 ParOldGen       total 87040K, used 29701K [0x0000000081800000, 0x0000000086d00000, 0x00000000d5d80000)
  object space 87040K, 34% used [0x0000000081800000,0x0000000083501590,0x0000000086d00000)
 Metaspace       used 50492K, capacity 51010K, committed 51456K, reserved 1093632K
  class space    used 6433K, capacity 6569K, committed 6656K, reserved 1048576K
}
Event: 1196.337 GC heap before
{Heap before GC invocations=14 (full 2):
 PSYoungGen      total 250880K, used 250849K [0x00000000d5d80000, 0x00000000ec180000, 0x0000000100000000)
  eden space 236032K, 100% used [0x00000000d5d80000,0x00000000e4400000,0x00000000e4400000)
  from space 14848K, 99% used [0x00000000e4400000,0x00000000e52786a0,0x00000000e5280000)
  to   space 19456K, 0% used [0x00000000eae80000,0x00000000eae80000,0x00000000ec180000)
 ParOldGen       total 87040K, used 29701K [0x0000000081800000, 0x0000000086d00000, 0x00000000d5d80000)
  object space 87040K, 34% used [0x0000000081800000,0x0000000083501590,0x0000000086d00000)
 Metaspace       used 56170K, capacity 56676K, committed 57216K, reserved 1099776K
  class space    used 7167K, capacity 7293K, committed 7296K, reserved 1048576K
Event: 1196.381 GC heap after
Heap after GC invocations=14 (full 2):
 PSYoungGen      total 326656K, used 10493K [0x00000000d5d80000, 0x00000000eb900000, 0x0000000100000000)
  eden space 315904K, 0% used [0x00000000d5d80000,0x00000000d5d80000,0x00000000e9200000)
  from space 10752K, 97% used [0x00000000eae80000,0x00000000eb8bf7f0,0x00000000eb900000)
  to   space 18944K, 0% used [0x00000000e9400000,0x00000000e9400000,0x00000000ea680000)
 ParOldGen       total 87040K, used 40264K [0x0000000081800000, 0x0000000086d00000, 0x00000000d5d80000)
  object space 87040K, 46% used [0x0000000081800000,0x0000000083f52060,0x0000000086d00000)
 Metaspace       used 56170K, capacity 56676K, committed 57216K, reserved 1099776K
  class space    used 7167K, capacity 7293K, committed 7296K, reserved 1048576K
}
Event: 3600.691 GC heap before
{Heap before GC invocations=15 (full 2):
 PSYoungGen      total 326656K, used 235670K [0x00000000d5d80000, 0x00000000eb900000, 0x0000000100000000)
  eden space 315904K, 71% used [0x00000000d5d80000,0x00000000e39661c0,0x00000000e9200000)
  from space 10752K, 97% used [0x00000000eae80000,0x00000000eb8bf7f0,0x00000000eb900000)
  to   space 18944K, 0% used [0x00000000e9400000,0x00000000e9400000,0x00000000ea680000)
 ParOldGen       total 87040K, used 40264K [0x0000000081800000, 0x0000000086d00000, 0x00000000d5d80000)
  object space 87040K, 46% used [0x0000000081800000,0x0000000083f52060,0x0000000086d00000)
 Metaspace       used 57742K, capacity 58362K, committed 58752K, reserved 1099776K
  class space    used 7262K, capacity 7431K, committed 7552K, reserved 1048576K
Event: 3600.721 GC heap after
Heap after GC invocations=15 (full 2):
 PSYoungGen      total 316928K, used 880K [0x00000000d5d80000, 0x00000000eb800000, 0x0000000100000000)
  eden space 315904K, 0% used [0x00000000d5d80000,0x00000000d5d80000,0x00000000e9200000)
  from space 1024K, 85% used [0x00000000e9400000,0x00000000e94dc010,0x00000000e9500000)
  to   space 19456K, 0% used [0x00000000ea500000,0x00000000ea500000,0x00000000eb800000)
 ParOldGen       total 87040K, used 46114K [0x0000000081800000, 0x0000000086d00000, 0x00000000d5d80000)
  object space 87040K, 52% used [0x0000000081800000,0x00000000845089f0,0x0000000086d00000)
 Metaspace       used 57742K, capacity 58362K, committed 58752K, reserved 1099776K
  class space    used 7262K, capacity 7431K, committed 7552K, reserved 1048576K
}
Event: 3600.721 GC heap before
{Heap before GC invocations=16 (full 3):
 PSYoungGen      total 316928K, used 880K [0x00000000d5d80000, 0x00000000eb800000, 0x0000000100000000)
  eden space 315904K, 0% used [0x00000000d5d80000,0x00000000d5d80000,0x00000000e9200000)
  from space 1024K, 85% used [0x00000000e9400000,0x00000000e94dc010,0x00000000e9500000)
  to   space 19456K, 0% used [0x00000000ea500000,0x00000000ea500000,0x00000000eb800000)
 ParOldGen       total 87040K, used 46114K [0x0000000081800000, 0x0000000086d00000, 0x00000000d5d80000)
  object space 87040K, 52% used [0x0000000081800000,0x00000000845089f0,0x0000000086d00000)
 Metaspace       used 57742K, capacity 58362K, committed 58752K, reserved 1099776K
  class space    used 7262K, capacity 7431K, committed 7552K, reserved 1048576K
Event: 3600.923 GC heap after
Heap after GC invocations=16 (full 3):
 PSYoungGen      total 316928K, used 0K [0x00000000d5d80000, 0x00000000eb800000, 0x0000000100000000)
  eden space 315904K, 0% used [0x00000000d5d80000,0x00000000d5d80000,0x00000000e9200000)
  from space 1024K, 0% used [0x00000000e9400000,0x00000000e9400000,0x00000000e9500000)
  to   space 19456K, 0% used [0x00000000ea500000,0x00000000ea500000,0x00000000eb800000)
 ParOldGen       total 87040K, used 25922K [0x0000000081800000, 0x0000000086d00000, 0x00000000d5d80000)
  object space 87040K, 29% used [0x0000000081800000,0x0000000083150a88,0x0000000086d00000)
 Metaspace       used 57477K, capacity 57918K, committed 58752K, reserved 1099776K
  class space    used 7218K, capacity 7350K, committed 7552K, reserved 1048576K
}

