# JRE version: Java(TM) SE Runtime Environment (8.0_221-b11) (build 1.8.0_221-b11)
# Java VM: Java HotSpot(TM) 64-Bit Server VM (25.221-b11 mixed mode windows-amd64 compressed oops)
Heap:
 PSYoungGen      total 64512K, used 38499K [0x00000000d5d80000, 0x00000000da880000, 0x0000000100000000)
  eden space 52224K, 66% used [0x00000000d5d80000,0x00000000d7f41240,0x00000000d9080000)
  from space 12288K, 32% used [0x00000000d9080000,0x00000000d9457b40,0x00000000d9c80000)
  to   space 11264K, 0% used [0x00000000d9d80000,0x00000000d9d80000,0x00000000da880000)
 ParOldGen       total 61952K, used 11418K [0x0000000081800000, 0x0000000085480000, 0x00000000d5d80000)
  object space 61952K, 18% used [0x0000000081800000,0x0000000082326988,0x0000000085480000)
 Metaspace       used 22115K, capacity 22428K, committed 22704K, reserved 1069056K
  class space    used 2711K, capacity 2796K, committed 2816K, reserved 1048576K
GC Heap History (10 events):
Event: 2.711 GC heap before
{Heap before GC invocations=6 (full 0):
 PSYoungGen      total 38400K, used 12664K [0x00000000d5d80000, 0x00000000d8800000, 0x0000000100000000)
  eden space 33280K, 22% used [0x00000000d5d80000,0x00000000d64e4ff0,0x00000000d7e00000)
  from space 5120K, 99% used [0x00000000d7e00000,0x00000000d82f9100,0x00000000d8300000)
  to   space 5120K, 0% used [0x00000000d8300000,0x00000000d8300000,0x00000000d8800000)
 ParOldGen       total 87552K, used 10856K [0x0000000081800000, 0x0000000086d80000, 0x00000000d5d80000)
  object space 87552K, 12% used [0x0000000081800000,0x000000008229a2c0,0x0000000086d80000)
 Metaspace       used 20909K, capacity 21154K, committed 21296K, reserved 1069056K
  class space    used 2554K, capacity 2633K, committed 2688K, reserved 1048576K
Event: 2.721 GC heap after
Heap after GC invocations=6 (full 0):
 PSYoungGen      total 38400K, used 5109K [0x00000000d5d80000, 0x00000000d8800000, 0x0000000100000000)
  eden space 33280K, 0% used [0x00000000d5d80000,0x00000000d5d80000,0x00000000d7e00000)
  from space 5120K, 99% used [0x00000000d8300000,0x00000000d87fd720,0x00000000d8800000)
  to   space 5120K, 0% used [0x00000000d7e00000,0x00000000d7e00000,0x00000000d8300000)
 ParOldGen       total 87552K, used 11324K [0x0000000081800000, 0x0000000086d80000, 0x00000000d5d80000)
  object space 87552K, 12% used [0x0000000081800000,0x000000008230f3f0,0x0000000086d80000)
 Metaspace       used 20909K, capacity 21154K, committed 21296K, reserved 1069056K
  class space    used 2554K, capacity 2633K, committed 2688K, reserved 1048576K
}
Event: 2.721 GC heap before
{Heap before GC invocations=7 (full 1):
 PSYoungGen      total 38400K, used 5109K [0x00000000d5d80000, 0x00000000d8800000, 0x0000000100000000)
  eden space 33280K, 0% used [0x00000000d5d80000,0x00000000d5d80000,0x00000000d7e00000)
  from space 5120K, 99% used [0x00000000d8300000,0x00000000d87fd720,0x00000000d8800000)
  to   space 5120K, 0% used [0x00000000d7e00000,0x00000000d7e00000,0x00000000d8300000)
 ParOldGen       total 87552K, used 11324K [0x0000000081800000, 0x0000000086d80000, 0x00000000d5d80000)
  object space 87552K, 12% used [0x0000000081800000,0x000000008230f3f0,0x0000000086d80000)
 Metaspace       used 20909K, capacity 21154K, committed 21296K, reserved 1069056K
  class space    used 2554K, capacity 2633K, committed 2688K, reserved 1048576K
Event: 2.774 GC heap after
Heap after GC invocations=7 (full 1):
 PSYoungGen      total 38400K, used 0K [0x00000000d5d80000, 0x00000000d8800000, 0x0000000100000000)
  eden space 33280K, 0% used [0x00000000d5d80000,0x00000000d5d80000,0x00000000d7e00000)
  from space 5120K, 0% used [0x00000000d8300000,0x00000000d8300000,0x00000000d8800000)
  to   space 5120K, 0% used [0x00000000d7e00000,0x00000000d7e00000,0x00000000d8300000)
 ParOldGen       total 61952K, used 11394K [0x0000000081800000, 0x0000000085480000, 0x00000000d5d80000)
  object space 61952K, 18% used [0x0000000081800000,0x0000000082320988,0x0000000085480000)
 Metaspace       used 20909K, capacity 21154K, committed 21296K, reserved 1069056K
  class space    used 2554K, capacity 2633K, committed 2688K, reserved 1048576K
}
Event: 2.970 GC heap before
{Heap before GC invocations=8 (full 1):
 PSYoungGen      total 38400K, used 33280K [0x00000000d5d80000, 0x00000000d8800000, 0x0000000100000000)
  eden space 33280K, 100% used [0x00000000d5d80000,0x00000000d7e00000,0x00000000d7e00000)
  from space 5120K, 0% used [0x00000000d8300000,0x00000000d8300000,0x00000000d8800000)
  to   space 5120K, 0% used [0x00000000d7e00000,0x00000000d7e00000,0x00000000d8300000)
 ParOldGen       total 61952K, used 11394K [0x0000000081800000, 0x0000000085480000, 0x00000000d5d80000)
  object space 61952K, 18% used [0x0000000081800000,0x0000000082320988,0x0000000085480000)
 Metaspace       used 21206K, capacity 21520K, committed 21808K, reserved 1069056K
  class space    used 2586K, capacity 2666K, committed 2688K, reserved 1048576K
Event: 2.972 GC heap after
Heap after GC invocations=8 (full 1):
 PSYoungGen      total 38400K, used 639K [0x00000000d5d80000, 0x00000000da900000, 0x0000000100000000)
  eden space 33280K, 0% used [0x00000000d5d80000,0x00000000d5d80000,0x00000000d7e00000)
  from space 5120K, 12% used [0x00000000d7e00000,0x00000000d7e9fcd8,0x00000000d8300000)
  to   space 11776K, 0% used [0x00000000d9d80000,0x00000000d9d80000,0x00000000da900000)
 ParOldGen       total 61952K, used 11402K [0x0000000081800000, 0x0000000085480000, 0x00000000d5d80000)
  object space 61952K, 18% used [0x0000000081800000,0x0000000082322988,0x0000000085480000)
 Metaspace       used 21206K, capacity 21520K, committed 21808K, reserved 1069056K
  class space    used 2586K, capacity 2666K, committed 2688K, reserved 1048576K
}
Event: 3.321 GC heap before
{Heap before GC invocations=9 (full 1):
 PSYoungGen      total 38400K, used 33919K [0x00000000d5d80000, 0x00000000da900000, 0x0000000100000000)
  eden space 33280K, 100% used [0x00000000d5d80000,0x00000000d7e00000,0x00000000d7e00000)
  from space 5120K, 12% used [0x00000000d7e00000,0x00000000d7e9fcd8,0x00000000d8300000)
  to   space 11776K, 0% used [0x00000000d9d80000,0x00000000d9d80000,0x00000000da900000)
 ParOldGen       total 61952K, used 11402K [0x0000000081800000, 0x0000000085480000, 0x00000000d5d80000)
  object space 61952K, 18% used [0x0000000081800000,0x0000000082322988,0x0000000085480000)
 Metaspace       used 21655K, capacity 21980K, committed 22192K, reserved 1069056K
  class space    used 2643K, capacity 2732K, committed 2816K, reserved 1048576K
Event: 3.324 GC heap after
Heap after GC invocations=9 (full 1):
 PSYoungGen      total 63488K, used 1394K [0x00000000d5d80000, 0x00000000da880000, 0x0000000100000000)
  eden space 52224K, 0% used [0x00000000d5d80000,0x00000000d5d80000,0x00000000d9080000)
  from space 11264K, 12% used [0x00000000d9d80000,0x00000000d9edcb28,0x00000000da880000)
  to   space 12288K, 0% used [0x00000000d9080000,0x00000000d9080000,0x00000000d9c80000)
 ParOldGen       total 61952K, used 11410K [0x0000000081800000, 0x0000000085480000, 0x00000000d5d80000)
  object space 61952K, 18% used [0x0000000081800000,0x0000000082324988,0x0000000085480000)
 Metaspace       used 21655K, capacity 21980K, committed 22192K, reserved 1069056K
  class space    used 2643K, capacity 2732K, committed 2816K, reserved 1048576K
}
Event: 3.833 GC heap before
{Heap before GC invocations=10 (full 1):
 PSYoungGen      total 63488K, used 53618K [0x00000000d5d80000, 0x00000000da880000, 0x0000000100000000)
  eden space 52224K, 100% used [0x00000000d5d80000,0x00000000d9080000,0x00000000d9080000)
  from space 11264K, 12% used [0x00000000d9d80000,0x00000000d9edcb28,0x00000000da880000)
  to   space 12288K, 0% used [0x00000000d9080000,0x00000000d9080000,0x00000000d9c80000)
 ParOldGen       total 61952K, used 11410K [0x0000000081800000, 0x0000000085480000, 0x00000000d5d80000)
  object space 61952K, 18% used [0x0000000081800000,0x0000000082324988,0x0000000085480000)
 Metaspace       used 22037K, capacity 22332K, committed 22448K, reserved 1069056K
  class space    used 2691K, capacity 2764K, committed 2816K, reserved 1048576K
Event: 3.841 GC heap after
Heap after GC invocations=10 (full 1):
 PSYoungGen      total 64512K, used 3934K [0x00000000d5d80000, 0x00000000da880000, 0x0000000100000000)
  eden space 52224K, 0% used [0x00000000d5d80000,0x00000000d5d80000,0x00000000d9080000)
  from space 12288K, 32% used [0x00000000d9080000,0x00000000d9457b40,0x00000000d9c80000)
  to   space 11264K, 0% used [0x00000000d9d80000,0x00000000d9d80000,0x00000000da880000)
 ParOldGen       total 61952K, used 11418K [0x0000000081800000, 0x0000000085480000, 0x00000000d5d80000)
  object space 61952K, 18% used [0x0000000081800000,0x0000000082326988,0x0000000085480000)
 Metaspace       used 22037K, capacity 22332K, committed 22448K, reserved 1069056K
  class space    used 2691K, capacity 2764K, committed 2816K, reserved 1048576K
}

